  [1m[35m (78.2ms)[0m  [1m[35mCREATE DATABASE "devcamp_portfolio_development" ENCODING = 'unicode'[0m
  [1m[35m (33.9ms)[0m  [1m[35mCREATE DATABASE "devcamp_portfolio_test" ENCODING = 'unicode'[0m
Started GET "/users" for 127.0.0.1 at 2022-12-15 19:25:09 +0530
  
ActionController::RoutingError (No route matches [GET] "/users"):
  
Started GET "/" for 127.0.0.1 at 2022-12-15 19:25:13 +0530
Processing by Rails::WelcomeController#index as HTML
  Rendering /home/rahul/.rvm/gems/ruby-3.1.2/gems/railties-7.0.4/lib/rails/templates/rails/welcome/index.html.erb
  Rendered /home/rahul/.rvm/gems/ruby-3.1.2/gems/railties-7.0.4/lib/rails/templates/rails/welcome/index.html.erb (Duration: 0.5ms | Allocations: 288)
Completed 200 OK in 4ms (Views: 1.2ms | ActiveRecord: 0.0ms | Allocations: 2573)


Started GET "/" for 127.0.0.1 at 2022-12-15 19:26:04 +0530
Processing by Rails::WelcomeController#index as HTML
  Rendering /home/rahul/.rvm/gems/ruby-3.1.2/gems/railties-7.0.4/lib/rails/templates/rails/welcome/index.html.erb
  Rendered /home/rahul/.rvm/gems/ruby-3.1.2/gems/railties-7.0.4/lib/rails/templates/rails/welcome/index.html.erb (Duration: 0.5ms | Allocations: 477)
Completed 200 OK in 4ms (Views: 1.6ms | ActiveRecord: 0.0ms | Allocations: 3312)


Started GET "/" for ::1 at 2022-12-15 22:45:11 +0530
Processing by Rails::WelcomeController#index as HTML
  Rendering /home/rahul/.rvm/gems/ruby-3.1.2/gems/railties-7.0.4/lib/rails/templates/rails/welcome/index.html.erb
  Rendered /home/rahul/.rvm/gems/ruby-3.1.2/gems/railties-7.0.4/lib/rails/templates/rails/welcome/index.html.erb (Duration: 1.4ms | Allocations: 478)
Completed 200 OK in 7ms (Views: 3.6ms | ActiveRecord: 0.0ms | Allocations: 3313)


  [1m[35m (12.7ms)[0m  [1m[35mCREATE TABLE "schema_migrations" ("version" character varying NOT NULL PRIMARY KEY)[0m
  [1m[35m (4.3ms)[0m  [1m[35mCREATE TABLE "ar_internal_metadata" ("key" character varying NOT NULL PRIMARY KEY, "value" character varying, "created_at" timestamp(6) NOT NULL, "updated_at" timestamp(6) NOT NULL)[0m
  [1m[35m (0.1ms)[0m  [1m[34mSELECT pg_try_advisory_lock(1647198560411391120)[0m
  [1m[36mActiveRecord::SchemaMigration Pluck (0.2ms)[0m  [1m[34mSELECT "schema_migrations"."version" FROM "schema_migrations" ORDER BY "schema_migrations"."version" ASC[0m
Migrating to CreateBlogs (20221215172616)
  [1m[36mTRANSACTION (0.1ms)[0m  [1m[35mBEGIN[0m
  [1m[35m (4.0ms)[0m  [1m[35mCREATE TABLE "blogs" ("id" bigserial primary key, "title" character varying, "body" text, "created_at" timestamp(6) NOT NULL, "updated_at" timestamp(6) NOT NULL)[0m
  [1m[36mActiveRecord::SchemaMigration Create (0.2ms)[0m  [1m[32mINSERT INTO "schema_migrations" ("version") VALUES ($1) RETURNING "version"[0m  [["version", "20221215172616"]]
  [1m[36mTRANSACTION (1.0ms)[0m  [1m[35mCOMMIT[0m
  [1m[36mActiveRecord::InternalMetadata Load (0.2ms)[0m  [1m[34mSELECT "ar_internal_metadata".* FROM "ar_internal_metadata" WHERE "ar_internal_metadata"."key" = $1 LIMIT $2[0m  [["key", "environment"], ["LIMIT", 1]]
  [1m[36mTRANSACTION (0.1ms)[0m  [1m[35mBEGIN[0m
  [1m[36mActiveRecord::InternalMetadata Create (0.4ms)[0m  [1m[32mINSERT INTO "ar_internal_metadata" ("key", "value", "created_at", "updated_at") VALUES ($1, $2, $3, $4) RETURNING "key"[0m  [["key", "environment"], ["value", "development"], ["created_at", "2022-12-15 17:30:11.670299"], ["updated_at", "2022-12-15 17:30:11.670299"]]
  [1m[36mTRANSACTION (0.8ms)[0m  [1m[35mCOMMIT[0m
  [1m[35m (0.2ms)[0m  [1m[34mSELECT pg_advisory_unlock(1647198560411391120)[0m
  [1m[36mActiveRecord::SchemaMigration Pluck (0.2ms)[0m  [1m[34mSELECT "schema_migrations"."version" FROM "schema_migrations" ORDER BY "schema_migrations"."version" ASC[0m
Started GET "/" for ::1 at 2022-12-15 23:09:00 +0530
  [1m[36mActiveRecord::SchemaMigration Pluck (0.4ms)[0m  [1m[34mSELECT "schema_migrations"."version" FROM "schema_migrations" ORDER BY "schema_migrations"."version" ASC[0m
Processing by Rails::WelcomeController#index as HTML
  Rendering /home/rahul/.rvm/gems/ruby-3.1.2/gems/railties-7.0.4/lib/rails/templates/rails/welcome/index.html.erb
  Rendered /home/rahul/.rvm/gems/ruby-3.1.2/gems/railties-7.0.4/lib/rails/templates/rails/welcome/index.html.erb (Duration: 0.6ms | Allocations: 478)
Completed 200 OK in 4ms (Views: 1.5ms | ActiveRecord: 0.0ms | Allocations: 3322)


Started GET "/blog" for ::1 at 2022-12-15 23:09:21 +0530
  
ActionController::RoutingError (No route matches [GET] "/blog"):
  
Started GET "/blogs" for ::1 at 2022-12-15 23:09:59 +0530
Processing by BlogsController#index as HTML
  Rendering layout layouts/application.html.erb
  Rendering blogs/index.html.erb within layouts/application
  [1m[36mBlog Load (0.3ms)[0m  [1m[34mSELECT "blogs".* FROM "blogs"[0m
  ↳ app/views/blogs/index.html.erb:6
  Rendered blogs/index.html.erb within layouts/application (Duration: 1.7ms | Allocations: 1304)
  Rendered layout layouts/application.html.erb (Duration: 135.6ms | Allocations: 94256)
Completed 200 OK in 138ms (Views: 136.0ms | ActiveRecord: 0.3ms | Allocations: 95999)


Started GET "/blogs/new" for ::1 at 2022-12-15 23:10:02 +0530
Processing by BlogsController#new as HTML
  Rendering layout layouts/application.html.erb
  Rendering blogs/new.html.erb within layouts/application
  Rendered blogs/_form.html.erb (Duration: 18.8ms | Allocations: 4593)
  Rendered blogs/new.html.erb within layouts/application (Duration: 20.1ms | Allocations: 4913)
  Rendered layout layouts/application.html.erb (Duration: 22.0ms | Allocations: 7209)
Completed 200 OK in 35ms (Views: 22.5ms | ActiveRecord: 4.3ms | Allocations: 11566)


Started GET "/blogs/new" for ::1 at 2022-12-15 23:10:10 +0530
Processing by BlogsController#new as HTML
  Rendering layout layouts/application.html.erb
  Rendering blogs/new.html.erb within layouts/application
  Rendered blogs/_form.html.erb (Duration: 1.5ms | Allocations: 1017)
  Rendered blogs/new.html.erb within layouts/application (Duration: 1.7ms | Allocations: 1108)
  Rendered layout layouts/application.html.erb (Duration: 3.4ms | Allocations: 3292)
Completed 200 OK in 4ms (Views: 3.8ms | ActiveRecord: 0.0ms | Allocations: 3620)


Started GET "/blogs" for ::1 at 2022-12-15 23:10:12 +0530
Processing by BlogsController#index as HTML
  Rendering layout layouts/application.html.erb
  Rendering blogs/index.html.erb within layouts/application
  [1m[36mBlog Load (0.2ms)[0m  [1m[34mSELECT "blogs".* FROM "blogs"[0m
  ↳ app/views/blogs/index.html.erb:6
  Rendered blogs/index.html.erb within layouts/application (Duration: 1.7ms | Allocations: 851)
  Rendered layout layouts/application.html.erb (Duration: 3.8ms | Allocations: 3033)
Completed 200 OK in 5ms (Views: 4.2ms | ActiveRecord: 0.2ms | Allocations: 3310)


Started GET "/blogs/new" for ::1 at 2022-12-15 23:12:28 +0530
Processing by BlogsController#new as HTML
  Rendering layout layouts/application.html.erb
  Rendering blogs/new.html.erb within layouts/application
  Rendered blogs/_form.html.erb (Duration: 3.2ms | Allocations: 987)
  Rendered blogs/new.html.erb within layouts/application (Duration: 3.6ms | Allocations: 1074)
  Rendered layout layouts/application.html.erb (Duration: 9.2ms | Allocations: 3257)
Completed 200 OK in 11ms (Views: 10.0ms | ActiveRecord: 0.0ms | Allocations: 3537)


Started GET "/blogs" for ::1 at 2022-12-15 23:12:35 +0530
Processing by BlogsController#index as HTML
  Rendering layout layouts/application.html.erb
  Rendering blogs/index.html.erb within layouts/application
  [1m[36mBlog Load (0.4ms)[0m  [1m[34mSELECT "blogs".* FROM "blogs"[0m
  ↳ app/views/blogs/index.html.erb:6
  Rendered blogs/index.html.erb within layouts/application (Duration: 4.0ms | Allocations: 775)
  Rendered layout layouts/application.html.erb (Duration: 9.8ms | Allocations: 2957)
Completed 200 OK in 12ms (Views: 10.4ms | ActiveRecord: 0.4ms | Allocations: 3227)


Started GET "/blogs/new" for ::1 at 2022-12-15 23:14:29 +0530
Processing by BlogsController#new as HTML
  Rendering layout layouts/application.html.erb
  Rendering blogs/new.html.erb within layouts/application
  Rendered blogs/_form.html.erb (Duration: 4.2ms | Allocations: 981)
  Rendered blogs/new.html.erb within layouts/application (Duration: 4.8ms | Allocations: 1068)
  Rendered layout layouts/application.html.erb (Duration: 10.4ms | Allocations: 3250)
Completed 200 OK in 13ms (Views: 11.9ms | ActiveRecord: 0.0ms | Allocations: 3522)


Started POST "/blogs" for ::1 at 2022-12-15 23:15:10 +0530
Processing by BlogsController#create as TURBO_STREAM
  Parameters: {"authenticity_token"=>"[FILTERED]", "blog"=>{"title"=>"my create blog", "body"=>"content this blog\n"}, "commit"=>"Create Blog"}
  [1m[36mTRANSACTION (0.2ms)[0m  [1m[35mBEGIN[0m
  ↳ app/controllers/blogs_controller.rb:27:in `block in create'
  [1m[36mBlog Create (0.9ms)[0m  [1m[32mINSERT INTO "blogs" ("title", "body", "created_at", "updated_at") VALUES ($1, $2, $3, $4) RETURNING "id"[0m  [["title", "my create blog"], ["body", "content this blog\n"], ["created_at", "2022-12-15 17:45:10.357082"], ["updated_at", "2022-12-15 17:45:10.357082"]]
  ↳ app/controllers/blogs_controller.rb:27:in `block in create'
  [1m[36mTRANSACTION (1.0ms)[0m  [1m[35mCOMMIT[0m
  ↳ app/controllers/blogs_controller.rb:27:in `block in create'
Redirected to http://localhost:3000/blogs/1
Completed 302 Found in 11ms (ActiveRecord: 2.1ms | Allocations: 3861)


Started GET "/blogs/1" for ::1 at 2022-12-15 23:15:10 +0530
Processing by BlogsController#show as TURBO_STREAM
  Parameters: {"id"=>"1"}
  [1m[36mBlog Load (0.4ms)[0m  [1m[34mSELECT "blogs".* FROM "blogs" WHERE "blogs"."id" = $1 LIMIT $2[0m  [["id", 1], ["LIMIT", 1]]
  ↳ app/controllers/blogs_controller.rb:63:in `set_blog'
  Rendering layout layouts/application.html.erb
  Rendering blogs/show.html.erb within layouts/application
  Rendered blogs/_blog.html.erb (Duration: 0.6ms | Allocations: 201)
  Rendered blogs/show.html.erb within layouts/application (Duration: 4.7ms | Allocations: 1500)
  Rendered layout layouts/application.html.erb (Duration: 8.7ms | Allocations: 3781)
Completed 200 OK in 15ms (Views: 9.4ms | ActiveRecord: 0.7ms | Allocations: 6612)


Started GET "/blogs/1/edit" for ::1 at 2022-12-15 23:15:16 +0530
Processing by BlogsController#edit as HTML
  Parameters: {"id"=>"1"}
  [1m[36mBlog Load (0.6ms)[0m  [1m[34mSELECT "blogs".* FROM "blogs" WHERE "blogs"."id" = $1 LIMIT $2[0m  [["id", 1], ["LIMIT", 1]]
  ↳ app/controllers/blogs_controller.rb:63:in `set_blog'
  Rendering layout layouts/application.html.erb
  Rendering blogs/edit.html.erb within layouts/application
  Rendered blogs/_form.html.erb (Duration: 3.4ms | Allocations: 1192)
  Rendered blogs/edit.html.erb within layouts/application (Duration: 4.7ms | Allocations: 1453)
  Rendered layout layouts/application.html.erb (Duration: 9.2ms | Allocations: 3628)
Completed 200 OK in 14ms (Views: 10.0ms | ActiveRecord: 0.6ms | Allocations: 4537)


Started PATCH "/blogs/1" for ::1 at 2022-12-15 23:15:22 +0530
Processing by BlogsController#update as TURBO_STREAM
  Parameters: {"authenticity_token"=>"[FILTERED]", "blog"=>{"title"=>"my create blog", "body"=>"content this blog\nhello"}, "commit"=>"Update Blog", "id"=>"1"}
  [1m[36mBlog Load (0.4ms)[0m  [1m[34mSELECT "blogs".* FROM "blogs" WHERE "blogs"."id" = $1 LIMIT $2[0m  [["id", 1], ["LIMIT", 1]]
  ↳ app/controllers/blogs_controller.rb:63:in `set_blog'
  [1m[36mTRANSACTION (0.4ms)[0m  [1m[35mBEGIN[0m
  ↳ app/controllers/blogs_controller.rb:40:in `block in update'
  [1m[36mBlog Update (0.5ms)[0m  [1m[33mUPDATE "blogs" SET "body" = $1, "updated_at" = $2 WHERE "blogs"."id" = $3[0m  [["body", "content this blog\nhello"], ["updated_at", "2022-12-15 17:45:22.980689"], ["id", 1]]
  ↳ app/controllers/blogs_controller.rb:40:in `block in update'
  [1m[36mTRANSACTION (8.9ms)[0m  [1m[35mCOMMIT[0m
  ↳ app/controllers/blogs_controller.rb:40:in `block in update'
Redirected to http://localhost:3000/blogs/1
Completed 302 Found in 34ms (ActiveRecord: 10.2ms | Allocations: 3056)


Started GET "/blogs/1" for ::1 at 2022-12-15 23:15:23 +0530
Processing by BlogsController#show as TURBO_STREAM
  Parameters: {"id"=>"1"}
  [1m[36mBlog Load (0.4ms)[0m  [1m[34mSELECT "blogs".* FROM "blogs" WHERE "blogs"."id" = $1 LIMIT $2[0m  [["id", 1], ["LIMIT", 1]]
  ↳ app/controllers/blogs_controller.rb:63:in `set_blog'
  Rendering layout layouts/application.html.erb
  Rendering blogs/show.html.erb within layouts/application
  Rendered blogs/_blog.html.erb (Duration: 0.1ms | Allocations: 19)
  Rendered blogs/show.html.erb within layouts/application (Duration: 1.7ms | Allocations: 604)
  Rendered layout layouts/application.html.erb (Duration: 6.2ms | Allocations: 2791)
Completed 200 OK in 10ms (Views: 7.2ms | ActiveRecord: 0.4ms | Allocations: 3552)


Started GET "/blogs" for ::1 at 2022-12-15 23:15:55 +0530
Processing by BlogsController#index as HTML
  Rendering layout layouts/application.html.erb
  Rendering blogs/index.html.erb within layouts/application
  [1m[36mBlog Load (0.5ms)[0m  [1m[34mSELECT "blogs".* FROM "blogs"[0m
  ↳ app/views/blogs/index.html.erb:6
  Rendered blogs/_blog.html.erb (Duration: 0.1ms | Allocations: 19)
  Rendered blogs/index.html.erb within layouts/application (Duration: 3.5ms | Allocations: 934)
  Rendered layout layouts/application.html.erb (Duration: 8.4ms | Allocations: 3116)
Completed 200 OK in 10ms (Views: 8.6ms | ActiveRecord: 0.5ms | Allocations: 3389)


Started GET "/blogs/new" for ::1 at 2022-12-15 23:16:58 +0530
Processing by BlogsController#new as HTML
  Rendering layout layouts/application.html.erb
  Rendering blogs/new.html.erb within layouts/application
  Rendered blogs/_form.html.erb (Duration: 3.2ms | Allocations: 990)
  Rendered blogs/new.html.erb within layouts/application (Duration: 3.6ms | Allocations: 1077)
  Rendered layout layouts/application.html.erb (Duration: 8.6ms | Allocations: 3259)
Completed 200 OK in 10ms (Views: 9.3ms | ActiveRecord: 0.0ms | Allocations: 3536)


Started POST "/blogs" for ::1 at 2022-12-15 23:17:24 +0530
Processing by BlogsController#create as TURBO_STREAM
  Parameters: {"authenticity_token"=>"[FILTERED]", "blog"=>{"title"=>"create blogs", "body"=>"rahul"}, "commit"=>"Create Blog"}
  [1m[36mTRANSACTION (0.2ms)[0m  [1m[35mBEGIN[0m
  ↳ app/controllers/blogs_controller.rb:27:in `block in create'
  [1m[36mBlog Create (0.4ms)[0m  [1m[32mINSERT INTO "blogs" ("title", "body", "created_at", "updated_at") VALUES ($1, $2, $3, $4) RETURNING "id"[0m  [["title", "create blogs"], ["body", "rahul"], ["created_at", "2022-12-15 17:47:24.464070"], ["updated_at", "2022-12-15 17:47:24.464070"]]
  ↳ app/controllers/blogs_controller.rb:27:in `block in create'
  [1m[36mTRANSACTION (0.9ms)[0m  [1m[35mCOMMIT[0m
  ↳ app/controllers/blogs_controller.rb:27:in `block in create'
Redirected to http://localhost:3000/blogs/2
Completed 302 Found in 10ms (ActiveRecord: 1.5ms | Allocations: 2278)


Started GET "/blogs/2" for ::1 at 2022-12-15 23:17:24 +0530
Processing by BlogsController#show as TURBO_STREAM
  Parameters: {"id"=>"2"}
  [1m[36mBlog Load (0.3ms)[0m  [1m[34mSELECT "blogs".* FROM "blogs" WHERE "blogs"."id" = $1 LIMIT $2[0m  [["id", 2], ["LIMIT", 1]]
  ↳ app/controllers/blogs_controller.rb:63:in `set_blog'
  Rendering layout layouts/application.html.erb
  Rendering blogs/show.html.erb within layouts/application
  Rendered blogs/_blog.html.erb (Duration: 0.1ms | Allocations: 19)
  Rendered blogs/show.html.erb within layouts/application (Duration: 1.9ms | Allocations: 560)
  Rendered layout layouts/application.html.erb (Duration: 7.6ms | Allocations: 2735)
Completed 200 OK in 11ms (Views: 8.3ms | ActiveRecord: 0.3ms | Allocations: 3495)


Started GET "/blogs" for ::1 at 2022-12-15 23:17:32 +0530
Processing by BlogsController#index as HTML
  Rendering layout layouts/application.html.erb
  Rendering blogs/index.html.erb within layouts/application
  [1m[36mBlog Load (0.5ms)[0m  [1m[34mSELECT "blogs".* FROM "blogs"[0m
  ↳ app/views/blogs/index.html.erb:6
  Rendered blogs/_blog.html.erb (Duration: 0.1ms | Allocations: 19)
  Rendered blogs/_blog.html.erb (Duration: 0.1ms | Allocations: 18)
  Rendered blogs/index.html.erb within layouts/application (Duration: 4.3ms | Allocations: 1047)
  Rendered layout layouts/application.html.erb (Duration: 9.1ms | Allocations: 3233)
Completed 200 OK in 10ms (Views: 9.3ms | ActiveRecord: 0.5ms | Allocations: 3504)


Started GET "/blogs/1" for ::1 at 2022-12-15 23:17:39 +0530
Processing by BlogsController#show as HTML
  Parameters: {"id"=>"1"}
  [1m[36mBlog Load (0.5ms)[0m  [1m[34mSELECT "blogs".* FROM "blogs" WHERE "blogs"."id" = $1 LIMIT $2[0m  [["id", 1], ["LIMIT", 1]]
  ↳ app/controllers/blogs_controller.rb:63:in `set_blog'
  Rendering layout layouts/application.html.erb
  Rendering blogs/show.html.erb within layouts/application
  Rendered blogs/_blog.html.erb (Duration: 0.1ms | Allocations: 19)
  Rendered blogs/show.html.erb within layouts/application (Duration: 2.1ms | Allocations: 560)
  Rendered layout layouts/application.html.erb (Duration: 8.2ms | Allocations: 2735)
Completed 200 OK in 12ms (Views: 8.9ms | ActiveRecord: 0.5ms | Allocations: 3492)


Started GET "/blogs/2" for ::1 at 2022-12-15 23:17:47 +0530
Processing by BlogsController#show as HTML
  Parameters: {"id"=>"2"}
  [1m[36mBlog Load (0.3ms)[0m  [1m[34mSELECT "blogs".* FROM "blogs" WHERE "blogs"."id" = $1 LIMIT $2[0m  [["id", 2], ["LIMIT", 1]]
  ↳ app/controllers/blogs_controller.rb:63:in `set_blog'
  Rendering layout layouts/application.html.erb
  Rendering blogs/show.html.erb within layouts/application
  Rendered blogs/_blog.html.erb (Duration: 0.1ms | Allocations: 19)
  Rendered blogs/show.html.erb within layouts/application (Duration: 1.7ms | Allocations: 575)
  Rendered layout layouts/application.html.erb (Duration: 7.6ms | Allocations: 2750)
Completed 200 OK in 11ms (Views: 8.3ms | ActiveRecord: 0.3ms | Allocations: 3507)


Started DELETE "/blogs/2" for ::1 at 2022-12-15 23:17:48 +0530
Processing by BlogsController#destroy as TURBO_STREAM
  Parameters: {"authenticity_token"=>"[FILTERED]", "id"=>"2"}
  [1m[36mBlog Load (0.4ms)[0m  [1m[34mSELECT "blogs".* FROM "blogs" WHERE "blogs"."id" = $1 LIMIT $2[0m  [["id", 2], ["LIMIT", 1]]
  ↳ app/controllers/blogs_controller.rb:63:in `set_blog'
  [1m[36mTRANSACTION (0.3ms)[0m  [1m[35mBEGIN[0m
  ↳ app/controllers/blogs_controller.rb:52:in `destroy'
  [1m[36mBlog Destroy (0.6ms)[0m  [1m[31mDELETE FROM "blogs" WHERE "blogs"."id" = $1[0m  [["id", 2]]
  ↳ app/controllers/blogs_controller.rb:52:in `destroy'
  [1m[36mTRANSACTION (8.9ms)[0m  [1m[35mCOMMIT[0m
  ↳ app/controllers/blogs_controller.rb:52:in `destroy'
Redirected to http://localhost:3000/blogs
Completed 302 Found in 19ms (ActiveRecord: 10.2ms | Allocations: 2464)


Started GET "/blogs" for ::1 at 2022-12-15 23:17:48 +0530
Processing by BlogsController#index as TURBO_STREAM
  Rendering layout layouts/application.html.erb
  Rendering blogs/index.html.erb within layouts/application
  [1m[36mBlog Load (0.5ms)[0m  [1m[34mSELECT "blogs".* FROM "blogs"[0m
  ↳ app/views/blogs/index.html.erb:6
  Rendered blogs/_blog.html.erb (Duration: 0.1ms | Allocations: 19)
  Rendered blogs/index.html.erb within layouts/application (Duration: 4.0ms | Allocations: 933)
  Rendered layout layouts/application.html.erb (Duration: 8.4ms | Allocations: 3115)
Completed 200 OK in 10ms (Views: 8.5ms | ActiveRecord: 0.5ms | Allocations: 3388)


Started GET "/blogs/2" for ::1 at 2022-12-15 23:17:53 +0530
Processing by BlogsController#show as HTML
  Parameters: {"id"=>"2"}
  [1m[36mBlog Load (0.4ms)[0m  [1m[34mSELECT "blogs".* FROM "blogs" WHERE "blogs"."id" = $1 LIMIT $2[0m  [["id", 2], ["LIMIT", 1]]
  ↳ app/controllers/blogs_controller.rb:63:in `set_blog'
Completed 404 Not Found in 3ms (ActiveRecord: 0.4ms | Allocations: 974)


  
ActiveRecord::RecordNotFound (Couldn't find Blog with 'id'=2):
  
app/controllers/blogs_controller.rb:63:in `set_blog'
Started GET "/blogs/2" for ::1 at 2022-12-15 23:18:04 +0530
Processing by BlogsController#show as HTML
  Parameters: {"id"=>"2"}
  [1m[36mBlog Load (0.5ms)[0m  [1m[34mSELECT "blogs".* FROM "blogs" WHERE "blogs"."id" = $1 LIMIT $2[0m  [["id", 2], ["LIMIT", 1]]
  ↳ app/controllers/blogs_controller.rb:63:in `set_blog'
Completed 404 Not Found in 3ms (ActiveRecord: 0.5ms | Allocations: 941)


  
ActiveRecord::RecordNotFound (Couldn't find Blog with 'id'=2):
  
app/controllers/blogs_controller.rb:63:in `set_blog'
Started GET "/blogs/2" for ::1 at 2022-12-15 23:18:06 +0530
Processing by BlogsController#show as HTML
  Parameters: {"id"=>"2"}
  [1m[36mBlog Load (0.3ms)[0m  [1m[34mSELECT "blogs".* FROM "blogs" WHERE "blogs"."id" = $1 LIMIT $2[0m  [["id", 2], ["LIMIT", 1]]
  ↳ app/controllers/blogs_controller.rb:63:in `set_blog'
Completed 404 Not Found in 3ms (ActiveRecord: 0.3ms | Allocations: 941)


  
ActiveRecord::RecordNotFound (Couldn't find Blog with 'id'=2):
  
app/controllers/blogs_controller.rb:63:in `set_blog'
Started GET "/blogs" for ::1 at 2022-12-15 23:18:13 +0530
Processing by BlogsController#index as HTML
  Rendering layout layouts/application.html.erb
  Rendering blogs/index.html.erb within layouts/application
  [1m[36mBlog Load (0.4ms)[0m  [1m[34mSELECT "blogs".* FROM "blogs"[0m
  ↳ app/views/blogs/index.html.erb:6
  Rendered blogs/_blog.html.erb (Duration: 0.1ms | Allocations: 19)
  Rendered blogs/index.html.erb within layouts/application (Duration: 3.9ms | Allocations: 927)
  Rendered layout layouts/application.html.erb (Duration: 8.7ms | Allocations: 3122)
Completed 200 OK in 10ms (Views: 9.0ms | ActiveRecord: 0.4ms | Allocations: 3391)


Started GET "/" for ::1 at 2022-12-16 09:47:25 +0530
  [1m[36mActiveRecord::SchemaMigration Pluck (0.9ms)[0m  [1m[34mSELECT "schema_migrations"."version" FROM "schema_migrations" ORDER BY "schema_migrations"."version" ASC[0m
Processing by Rails::WelcomeController#index as HTML
  Rendering /home/rahul/.rvm/gems/ruby-3.1.2/gems/railties-7.0.4/lib/rails/templates/rails/welcome/index.html.erb
  Rendered /home/rahul/.rvm/gems/ruby-3.1.2/gems/railties-7.0.4/lib/rails/templates/rails/welcome/index.html.erb (Duration: 0.8ms | Allocations: 478)
Completed 200 OK in 7ms (Views: 2.7ms | ActiveRecord: 0.0ms | Allocations: 3322)


  [1m[35m (0.1ms)[0m  [1m[34mSELECT pg_try_advisory_lock(1647198560411391120)[0m
  [1m[36mActiveRecord::SchemaMigration Pluck (0.3ms)[0m  [1m[34mSELECT "schema_migrations"."version" FROM "schema_migrations" ORDER BY "schema_migrations"."version" ASC[0m
  [1m[36mActiveRecord::InternalMetadata Load (0.6ms)[0m  [1m[34mSELECT "ar_internal_metadata".* FROM "ar_internal_metadata" WHERE "ar_internal_metadata"."key" = $1 LIMIT $2[0m  [["key", "environment"], ["LIMIT", 1]]
  [1m[35m (0.2ms)[0m  [1m[34mSELECT pg_advisory_unlock(1647198560411391120)[0m
  [1m[36mActiveRecord::SchemaMigration Pluck (0.2ms)[0m  [1m[34mSELECT "schema_migrations"."version" FROM "schema_migrations" ORDER BY "schema_migrations"."version" ASC[0m
  [1m[35m (0.1ms)[0m  [1m[34mSELECT pg_try_advisory_lock(1647198560411391120)[0m
  [1m[36mActiveRecord::SchemaMigration Pluck (0.3ms)[0m  [1m[34mSELECT "schema_migrations"."version" FROM "schema_migrations" ORDER BY "schema_migrations"."version" ASC[0m
  [1m[36mActiveRecord::InternalMetadata Load (0.2ms)[0m  [1m[34mSELECT "ar_internal_metadata".* FROM "ar_internal_metadata" WHERE "ar_internal_metadata"."key" = $1 LIMIT $2[0m  [["key", "environment"], ["LIMIT", 1]]
  [1m[35m (0.2ms)[0m  [1m[34mSELECT pg_advisory_unlock(1647198560411391120)[0m
  [1m[36mActiveRecord::SchemaMigration Pluck (0.2ms)[0m  [1m[34mSELECT "schema_migrations"."version" FROM "schema_migrations" ORDER BY "schema_migrations"."version" ASC[0m
  [1m[35m (0.1ms)[0m  [1m[34mSELECT pg_try_advisory_lock(1647198560411391120)[0m
  [1m[36mActiveRecord::SchemaMigration Pluck (0.2ms)[0m  [1m[34mSELECT "schema_migrations"."version" FROM "schema_migrations" ORDER BY "schema_migrations"."version" ASC[0m
  [1m[36mActiveRecord::InternalMetadata Load (0.2ms)[0m  [1m[34mSELECT "ar_internal_metadata".* FROM "ar_internal_metadata" WHERE "ar_internal_metadata"."key" = $1 LIMIT $2[0m  [["key", "environment"], ["LIMIT", 1]]
  [1m[35m (0.2ms)[0m  [1m[34mSELECT pg_advisory_unlock(1647198560411391120)[0m
  [1m[36mActiveRecord::SchemaMigration Pluck (0.3ms)[0m  [1m[34mSELECT "schema_migrations"."version" FROM "schema_migrations" ORDER BY "schema_migrations"."version" ASC[0m
  [1m[35m (0.1ms)[0m  [1m[34mSELECT pg_try_advisory_lock(1647198560411391120)[0m
  [1m[36mActiveRecord::SchemaMigration Pluck (0.3ms)[0m  [1m[34mSELECT "schema_migrations"."version" FROM "schema_migrations" ORDER BY "schema_migrations"."version" ASC[0m
  [1m[36mActiveRecord::InternalMetadata Load (0.1ms)[0m  [1m[34mSELECT "ar_internal_metadata".* FROM "ar_internal_metadata" WHERE "ar_internal_metadata"."key" = $1 LIMIT $2[0m  [["key", "environment"], ["LIMIT", 1]]
  [1m[35m (0.2ms)[0m  [1m[34mSELECT pg_advisory_unlock(1647198560411391120)[0m
  [1m[36mActiveRecord::SchemaMigration Pluck (0.3ms)[0m  [1m[34mSELECT "schema_migrations"."version" FROM "schema_migrations" ORDER BY "schema_migrations"."version" ASC[0m
Started GET "/" for ::1 at 2022-12-16 10:15:50 +0530
  [1m[36mActiveRecord::SchemaMigration Pluck (0.4ms)[0m  [1m[34mSELECT "schema_migrations"."version" FROM "schema_migrations" ORDER BY "schema_migrations"."version" ASC[0m
Processing by Rails::WelcomeController#index as HTML
  Rendering /home/rahul/.rvm/gems/ruby-3.1.2/gems/railties-7.0.4/lib/rails/templates/rails/welcome/index.html.erb
  Rendered /home/rahul/.rvm/gems/ruby-3.1.2/gems/railties-7.0.4/lib/rails/templates/rails/welcome/index.html.erb (Duration: 0.5ms | Allocations: 478)
Completed 200 OK in 4ms (Views: 1.5ms | ActiveRecord: 0.0ms | Allocations: 3322)


Started GET "/blogs" for ::1 at 2022-12-16 10:16:09 +0530
Processing by BlogsController#index as HTML
  Rendering layout layouts/application.html.erb
  Rendering blogs/index.html.erb within layouts/application
  [1m[36mBlog Load (0.6ms)[0m  [1m[34mSELECT "blogs".* FROM "blogs"[0m
  ↳ app/views/blogs/index.html.erb:6
  Rendered blogs/_blog.html.erb (Duration: 0.4ms | Allocations: 226)
  Rendered blogs/index.html.erb within layouts/application (Duration: 21.7ms | Allocations: 6102)
  Rendered layout layouts/application.html.erb (Duration: 47.7ms | Allocations: 41086)
Completed 200 OK in 85ms (Views: 57.6ms | ActiveRecord: 3.2ms | Allocations: 42845)


Started GET "/blogs/new" for ::1 at 2022-12-16 10:16:18 +0530
Processing by BlogsController#new as HTML
  Rendering layout layouts/application.html.erb
  Rendering blogs/new.html.erb within layouts/application
  Rendered blogs/_form.html.erb (Duration: 7.7ms | Allocations: 3109)
  Rendered blogs/new.html.erb within layouts/application (Duration: 8.6ms | Allocations: 3404)
  Rendered layout layouts/application.html.erb (Duration: 11.0ms | Allocations: 5698)
Completed 200 OK in 12ms (Views: 11.4ms | ActiveRecord: 0.0ms | Allocations: 6134)


Started GET "/" for ::1 at 2022-12-16 11:06:17 +0530
Processing by Rails::WelcomeController#index as HTML
  Rendering /home/rahul/.rvm/gems/ruby-3.1.2/gems/railties-7.0.4/lib/rails/templates/rails/welcome/index.html.erb
  Rendered /home/rahul/.rvm/gems/ruby-3.1.2/gems/railties-7.0.4/lib/rails/templates/rails/welcome/index.html.erb (Duration: 0.4ms | Allocations: 280)
Completed 200 OK in 2ms (Views: 1.0ms | Allocations: 893)


Started GET "/blogs" for ::1 at 2022-12-16 11:06:35 +0530
Processing by BlogsController#index as HTML
  Rendering layout layouts/application.html.erb
  Rendering blogs/index.html.erb within layouts/application
  [1m[36mBlog Load (0.2ms)[0m  [1m[34mSELECT "blogs".* FROM "blogs"[0m
  ↳ app/views/blogs/index.html.erb:6
  Rendered blogs/_blog.html.erb (Duration: 0.1ms | Allocations: 42)
  Rendered blogs/index.html.erb within layouts/application (Duration: 7.4ms | Allocations: 5519)
  Rendered layout layouts/application.html.erb (Duration: 13.1ms | Allocations: 19174)
Completed 200 OK in 15ms (Views: 13.6ms | ActiveRecord: 2.3ms | Allocations: 20475)


Started GET "/blogs" for ::1 at 2022-12-16 11:06:37 +0530
Processing by BlogsController#index as HTML
  Rendering layout layouts/application.html.erb
  Rendering blogs/index.html.erb within layouts/application
  [1m[36mBlog Load (0.2ms)[0m  [1m[34mSELECT "blogs".* FROM "blogs"[0m
  ↳ app/views/blogs/index.html.erb:6
  Rendered blogs/_blog.html.erb (Duration: 0.1ms | Allocations: 19)
  Rendered blogs/index.html.erb within layouts/application (Duration: 1.8ms | Allocations: 930)
  Rendered layout layouts/application.html.erb (Duration: 3.3ms | Allocations: 3112)
Completed 200 OK in 4ms (Views: 3.6ms | ActiveRecord: 0.2ms | Allocations: 3405)


Started GET "/blogs" for ::1 at 2022-12-16 11:06:38 +0530
Processing by BlogsController#index as HTML
  Rendering layout layouts/application.html.erb
  Rendering blogs/index.html.erb within layouts/application
  [1m[36mBlog Load (0.5ms)[0m  [1m[34mSELECT "blogs".* FROM "blogs"[0m
  ↳ app/views/blogs/index.html.erb:6
  Rendered blogs/_blog.html.erb (Duration: 0.1ms | Allocations: 19)
  Rendered blogs/index.html.erb within layouts/application (Duration: 3.8ms | Allocations: 918)
  Rendered layout layouts/application.html.erb (Duration: 8.0ms | Allocations: 3100)
Completed 200 OK in 9ms (Views: 8.1ms | ActiveRecord: 0.5ms | Allocations: 3368)


Started GET "/blogs" for ::1 at 2022-12-16 11:06:38 +0530
Processing by BlogsController#index as HTML
  Rendering layout layouts/application.html.erb
  Rendering blogs/index.html.erb within layouts/application
  [1m[36mBlog Load (0.3ms)[0m  [1m[34mSELECT "blogs".* FROM "blogs"[0m
  ↳ app/views/blogs/index.html.erb:6
  Rendered blogs/_blog.html.erb (Duration: 0.1ms | Allocations: 19)
  Rendered blogs/index.html.erb within layouts/application (Duration: 3.2ms | Allocations: 906)
  Rendered layout layouts/application.html.erb (Duration: 7.1ms | Allocations: 3088)
Completed 200 OK in 8ms (Views: 7.4ms | ActiveRecord: 0.3ms | Allocations: 3356)


Started GET "/blogs/new" for ::1 at 2022-12-16 11:06:56 +0530
Processing by BlogsController#new as HTML
  Rendering layout layouts/application.html.erb
  Rendering blogs/new.html.erb within layouts/application
  Rendered blogs/_form.html.erb (Duration: 2.1ms | Allocations: 1121)
  Rendered blogs/new.html.erb within layouts/application (Duration: 2.5ms | Allocations: 1212)
  Rendered layout layouts/application.html.erb (Duration: 5.0ms | Allocations: 3394)
Completed 200 OK in 6ms (Views: 5.6ms | ActiveRecord: 0.0ms | Allocations: 3681)


Started POST "/blogs" for ::1 at 2022-12-16 11:07:17 +0530
Processing by BlogsController#create as TURBO_STREAM
  Parameters: {"authenticity_token"=>"[FILTERED]", "blog"=>{"title"=>"new blog", "body"=>"abcd\n"}, "commit"=>"Create Blog"}
  [1m[36mTRANSACTION (0.3ms)[0m  [1m[35mBEGIN[0m
  ↳ app/controllers/blogs_controller.rb:27:in `block in create'
  [1m[36mBlog Create (1.2ms)[0m  [1m[32mINSERT INTO "blogs" ("title", "body", "created_at", "updated_at") VALUES ($1, $2, $3, $4) RETURNING "id"[0m  [["title", "new blog"], ["body", "abcd\n"], ["created_at", "2022-12-16 05:37:17.838851"], ["updated_at", "2022-12-16 05:37:17.838851"]]
  ↳ app/controllers/blogs_controller.rb:27:in `block in create'
  [1m[36mTRANSACTION (0.7ms)[0m  [1m[35mCOMMIT[0m
  ↳ app/controllers/blogs_controller.rb:27:in `block in create'
Redirected to http://localhost:3000/blogs/3
Completed 302 Found in 13ms (ActiveRecord: 2.1ms | Allocations: 3838)


Started GET "/blogs/3" for ::1 at 2022-12-16 11:07:17 +0530
Processing by BlogsController#show as TURBO_STREAM
  Parameters: {"id"=>"3"}
  [1m[36mBlog Load (0.2ms)[0m  [1m[34mSELECT "blogs".* FROM "blogs" WHERE "blogs"."id" = $1 LIMIT $2[0m  [["id", 3], ["LIMIT", 1]]
  ↳ app/controllers/blogs_controller.rb:63:in `set_blog'
  Rendering layout layouts/application.html.erb
  Rendering blogs/show.html.erb within layouts/application
  Rendered blogs/_blog.html.erb (Duration: 0.0ms | Allocations: 24)
  Rendered blogs/show.html.erb within layouts/application (Duration: 1.1ms | Allocations: 951)
  Rendered layout layouts/application.html.erb (Duration: 2.7ms | Allocations: 3247)
Completed 200 OK in 6ms (Views: 2.9ms | ActiveRecord: 0.5ms | Allocations: 6033)


Started GET "/blogs/3" for ::1 at 2022-12-16 11:12:54 +0530
Processing by BlogsController#show as HTML
  Parameters: {"id"=>"3"}
  [1m[36mBlog Load (0.1ms)[0m  [1m[34mSELECT "blogs".* FROM "blogs" WHERE "blogs"."id" = $1 LIMIT $2[0m  [["id", 3], ["LIMIT", 1]]
  ↳ app/controllers/blogs_controller.rb:63:in `set_blog'
  Rendering layout layouts/application.html.erb
  Rendering blogs/show.html.erb within layouts/application
  Rendered blogs/_blog.html.erb (Duration: 0.0ms | Allocations: 19)
  Rendered blogs/show.html.erb within layouts/application (Duration: 0.7ms | Allocations: 548)
  Rendered layout layouts/application.html.erb (Duration: 2.3ms | Allocations: 2729)
Completed 200 OK in 12ms (Views: 2.5ms | ActiveRecord: 3.0ms | Allocations: 6494)


Started GET "/blogs" for ::1 at 2022-12-16 11:12:57 +0530
Processing by BlogsController#index as HTML
  Rendering layout layouts/application.html.erb
  Rendering blogs/index.html.erb within layouts/application
  [1m[36mBlog Load (0.2ms)[0m  [1m[34mSELECT "blogs".* FROM "blogs"[0m
  ↳ app/views/blogs/index.html.erb:6
  Rendered blogs/_blog.html.erb (Duration: 0.1ms | Allocations: 19)
  Rendered blogs/_blog.html.erb (Duration: 0.0ms | Allocations: 18)
  Rendered blogs/index.html.erb within layouts/application (Duration: 2.9ms | Allocations: 1045)
  Rendered layout layouts/application.html.erb (Duration: 5.9ms | Allocations: 3227)
Completed 200 OK in 7ms (Views: 6.1ms | ActiveRecord: 0.2ms | Allocations: 3498)


Started GET "/blogs/3" for ::1 at 2022-12-16 11:13:13 +0530
Processing by BlogsController#show as HTML
  Parameters: {"id"=>"3"}
  [1m[36mBlog Load (0.3ms)[0m  [1m[34mSELECT "blogs".* FROM "blogs" WHERE "blogs"."id" = $1 LIMIT $2[0m  [["id", 3], ["LIMIT", 1]]
  ↳ app/controllers/blogs_controller.rb:63:in `set_blog'
  Rendering layout layouts/application.html.erb
  Rendering blogs/show.html.erb within layouts/application
  Rendered blogs/_blog.html.erb (Duration: 0.1ms | Allocations: 19)
  Rendered blogs/show.html.erb within layouts/application (Duration: 1.1ms | Allocations: 560)
  Rendered layout layouts/application.html.erb (Duration: 2.9ms | Allocations: 2734)
Completed 200 OK in 5ms (Views: 3.2ms | ActiveRecord: 0.3ms | Allocations: 3499)


Started DELETE "/blogs/3" for ::1 at 2022-12-16 11:13:30 +0530
Processing by BlogsController#destroy as TURBO_STREAM
  Parameters: {"authenticity_token"=>"[FILTERED]", "id"=>"3"}
  [1m[36mBlog Load (0.4ms)[0m  [1m[34mSELECT "blogs".* FROM "blogs" WHERE "blogs"."id" = $1 LIMIT $2[0m  [["id", 3], ["LIMIT", 1]]
  ↳ app/controllers/blogs_controller.rb:63:in `set_blog'
  [1m[36mTRANSACTION (0.3ms)[0m  [1m[35mBEGIN[0m
  ↳ app/controllers/blogs_controller.rb:52:in `destroy'
  [1m[36mBlog Destroy (0.3ms)[0m  [1m[31mDELETE FROM "blogs" WHERE "blogs"."id" = $1[0m  [["id", 3]]
  ↳ app/controllers/blogs_controller.rb:52:in `destroy'
  [1m[36mTRANSACTION (8.5ms)[0m  [1m[35mCOMMIT[0m
  ↳ app/controllers/blogs_controller.rb:52:in `destroy'
Redirected to http://localhost:3000/blogs
Completed 302 Found in 16ms (ActiveRecord: 9.4ms | Allocations: 2518)


Started GET "/blogs" for ::1 at 2022-12-16 11:13:30 +0530
Processing by BlogsController#index as TURBO_STREAM
  Rendering layout layouts/application.html.erb
  Rendering blogs/index.html.erb within layouts/application
  [1m[36mBlog Load (0.1ms)[0m  [1m[34mSELECT "blogs".* FROM "blogs"[0m
  ↳ app/views/blogs/index.html.erb:6
  Rendered blogs/_blog.html.erb (Duration: 0.0ms | Allocations: 19)
  Rendered blogs/index.html.erb within layouts/application (Duration: 1.2ms | Allocations: 921)
  Rendered layout layouts/application.html.erb (Duration: 2.7ms | Allocations: 3103)
Completed 200 OK in 3ms (Views: 2.8ms | ActiveRecord: 0.1ms | Allocations: 3377)


Started GET "/blogs" for ::1 at 2022-12-16 11:13:31 +0530
Processing by BlogsController#index as HTML
  Rendering layout layouts/application.html.erb
  Rendering blogs/index.html.erb within layouts/application
  [1m[36mBlog Load (0.2ms)[0m  [1m[34mSELECT "blogs".* FROM "blogs"[0m
  ↳ app/views/blogs/index.html.erb:6
  Rendered blogs/_blog.html.erb (Duration: 0.1ms | Allocations: 19)
  Rendered blogs/index.html.erb within layouts/application (Duration: 1.8ms | Allocations: 924)
  Rendered layout layouts/application.html.erb (Duration: 3.3ms | Allocations: 3106)
Completed 200 OK in 4ms (Views: 3.4ms | ActiveRecord: 0.2ms | Allocations: 3374)


Started GET "/blogs/1" for ::1 at 2022-12-16 11:13:34 +0530
Processing by BlogsController#show as HTML
  Parameters: {"id"=>"1"}
  [1m[36mBlog Load (0.2ms)[0m  [1m[34mSELECT "blogs".* FROM "blogs" WHERE "blogs"."id" = $1 LIMIT $2[0m  [["id", 1], ["LIMIT", 1]]
  ↳ app/controllers/blogs_controller.rb:63:in `set_blog'
  Rendering layout layouts/application.html.erb
  Rendering blogs/show.html.erb within layouts/application
  Rendered blogs/_blog.html.erb (Duration: 0.1ms | Allocations: 19)
  Rendered blogs/show.html.erb within layouts/application (Duration: 1.9ms | Allocations: 542)
  Rendered layout layouts/application.html.erb (Duration: 6.3ms | Allocations: 2716)
Completed 200 OK in 8ms (Views: 6.8ms | ActiveRecord: 0.2ms | Allocations: 3474)


Started GET "/blogs/1" for ::1 at 2022-12-16 11:13:41 +0530
Processing by BlogsController#show as HTML
  Parameters: {"id"=>"1"}
  [1m[36mBlog Load (0.2ms)[0m  [1m[34mSELECT "blogs".* FROM "blogs" WHERE "blogs"."id" = $1 LIMIT $2[0m  [["id", 1], ["LIMIT", 1]]
  ↳ app/controllers/blogs_controller.rb:63:in `set_blog'
  Rendering layout layouts/application.html.erb
  Rendering blogs/show.html.erb within layouts/application
  Rendered blogs/_blog.html.erb (Duration: 0.1ms | Allocations: 19)
  Rendered blogs/show.html.erb within layouts/application (Duration: 1.0ms | Allocations: 566)
  Rendered layout layouts/application.html.erb (Duration: 2.7ms | Allocations: 2740)
Completed 200 OK in 5ms (Views: 3.0ms | ActiveRecord: 0.2ms | Allocations: 3495)


Started GET "/blogs/1" for ::1 at 2022-12-16 11:13:42 +0530
Processing by BlogsController#show as HTML
  Parameters: {"id"=>"1"}
  [1m[36mBlog Load (0.5ms)[0m  [1m[34mSELECT "blogs".* FROM "blogs" WHERE "blogs"."id" = $1 LIMIT $2[0m  [["id", 1], ["LIMIT", 1]]
  ↳ app/controllers/blogs_controller.rb:63:in `set_blog'
  Rendering layout layouts/application.html.erb
  Rendering blogs/show.html.erb within layouts/application
  Rendered blogs/_blog.html.erb (Duration: 0.1ms | Allocations: 19)
  Rendered blogs/show.html.erb within layouts/application (Duration: 1.2ms | Allocations: 557)
  Rendered layout layouts/application.html.erb (Duration: 4.0ms | Allocations: 2731)
Completed 200 OK in 7ms (Views: 4.5ms | ActiveRecord: 0.5ms | Allocations: 3486)


Started GET "/blogs/1" for ::1 at 2022-12-16 11:13:43 +0530
Processing by BlogsController#show as HTML
  Parameters: {"id"=>"1"}
  [1m[36mBlog Load (0.5ms)[0m  [1m[34mSELECT "blogs".* FROM "blogs" WHERE "blogs"."id" = $1 LIMIT $2[0m  [["id", 1], ["LIMIT", 1]]
  ↳ app/controllers/blogs_controller.rb:63:in `set_blog'
  Rendering layout layouts/application.html.erb
  Rendering blogs/show.html.erb within layouts/application
  Rendered blogs/_blog.html.erb (Duration: 0.1ms | Allocations: 19)
  Rendered blogs/show.html.erb within layouts/application (Duration: 1.7ms | Allocations: 572)
  Rendered layout layouts/application.html.erb (Duration: 5.6ms | Allocations: 2746)
Completed 200 OK in 9ms (Views: 6.3ms | ActiveRecord: 0.5ms | Allocations: 3501)


Started GET "/blogs" for ::1 at 2022-12-16 11:13:44 +0530
Processing by BlogsController#index as HTML
  Rendering layout layouts/application.html.erb
  Rendering blogs/index.html.erb within layouts/application
  [1m[36mBlog Load (0.2ms)[0m  [1m[34mSELECT "blogs".* FROM "blogs"[0m
  ↳ app/views/blogs/index.html.erb:6
  Rendered blogs/_blog.html.erb (Duration: 0.1ms | Allocations: 19)
  Rendered blogs/index.html.erb within layouts/application (Duration: 1.6ms | Allocations: 912)
  Rendered layout layouts/application.html.erb (Duration: 3.3ms | Allocations: 3094)
Completed 200 OK in 4ms (Views: 3.4ms | ActiveRecord: 0.2ms | Allocations: 3364)


Started GET "/blogs/new" for ::1 at 2022-12-16 11:13:46 +0530
Processing by BlogsController#new as HTML
  Rendering layout layouts/application.html.erb
  Rendering blogs/new.html.erb within layouts/application
  Rendered blogs/_form.html.erb (Duration: 1.2ms | Allocations: 1050)
  Rendered blogs/new.html.erb within layouts/application (Duration: 1.3ms | Allocations: 1138)
  Rendered layout layouts/application.html.erb (Duration: 2.9ms | Allocations: 3320)
Completed 200 OK in 3ms (Views: 3.1ms | ActiveRecord: 0.0ms | Allocations: 3596)


Started POST "/blogs" for ::1 at 2022-12-16 11:13:54 +0530
Processing by BlogsController#create as TURBO_STREAM
  Parameters: {"authenticity_token"=>"[FILTERED]", "blog"=>{"title"=>"my create blog", "body"=>"abcs'"}, "commit"=>"Create Blog"}
  [1m[36mTRANSACTION (0.1ms)[0m  [1m[35mBEGIN[0m
  ↳ app/controllers/blogs_controller.rb:27:in `block in create'
  [1m[36mBlog Create (0.3ms)[0m  [1m[32mINSERT INTO "blogs" ("title", "body", "created_at", "updated_at") VALUES ($1, $2, $3, $4) RETURNING "id"[0m  [["title", "my create blog"], ["body", "abcs'"], ["created_at", "2022-12-16 05:43:54.225120"], ["updated_at", "2022-12-16 05:43:54.225120"]]
  ↳ app/controllers/blogs_controller.rb:27:in `block in create'
  [1m[36mTRANSACTION (1.0ms)[0m  [1m[35mCOMMIT[0m
  ↳ app/controllers/blogs_controller.rb:27:in `block in create'
Redirected to http://localhost:3000/blogs/4
Completed 302 Found in 5ms (ActiveRecord: 1.4ms | Allocations: 2344)


Started GET "/blogs/4" for ::1 at 2022-12-16 11:13:54 +0530
Processing by BlogsController#show as TURBO_STREAM
  Parameters: {"id"=>"4"}
  [1m[36mBlog Load (0.1ms)[0m  [1m[34mSELECT "blogs".* FROM "blogs" WHERE "blogs"."id" = $1 LIMIT $2[0m  [["id", 4], ["LIMIT", 1]]
  ↳ app/controllers/blogs_controller.rb:63:in `set_blog'
  Rendering layout layouts/application.html.erb
  Rendering blogs/show.html.erb within layouts/application
  Rendered blogs/_blog.html.erb (Duration: 0.0ms | Allocations: 19)
  Rendered blogs/show.html.erb within layouts/application (Duration: 0.8ms | Allocations: 587)
  Rendered layout layouts/application.html.erb (Duration: 2.9ms | Allocations: 2761)
Completed 200 OK in 4ms (Views: 3.1ms | ActiveRecord: 0.1ms | Allocations: 3521)


Started GET "/blogs/new" for ::1 at 2022-12-16 11:13:56 +0530
Processing by BlogsController#new as HTML
  Rendering layout layouts/application.html.erb
  Rendering blogs/new.html.erb within layouts/application
  Rendered blogs/_form.html.erb (Duration: 1.2ms | Allocations: 999)
  Rendered blogs/new.html.erb within layouts/application (Duration: 1.3ms | Allocations: 1086)
  Rendered layout layouts/application.html.erb (Duration: 3.0ms | Allocations: 3268)
Completed 200 OK in 4ms (Views: 3.3ms | ActiveRecord: 0.0ms | Allocations: 3540)


Started POST "/blogs" for ::1 at 2022-12-16 11:14:09 +0530
Processing by BlogsController#create as TURBO_STREAM
  Parameters: {"authenticity_token"=>"[FILTERED]", "blog"=>{"title"=>"hello ", "body"=>"rahul"}, "commit"=>"Create Blog"}
  [1m[36mTRANSACTION (0.1ms)[0m  [1m[35mBEGIN[0m
  ↳ app/controllers/blogs_controller.rb:27:in `block in create'
  [1m[36mBlog Create (0.3ms)[0m  [1m[32mINSERT INTO "blogs" ("title", "body", "created_at", "updated_at") VALUES ($1, $2, $3, $4) RETURNING "id"[0m  [["title", "hello "], ["body", "rahul"], ["created_at", "2022-12-16 05:44:09.322640"], ["updated_at", "2022-12-16 05:44:09.322640"]]
  ↳ app/controllers/blogs_controller.rb:27:in `block in create'
  [1m[36mTRANSACTION (1.8ms)[0m  [1m[35mCOMMIT[0m
  ↳ app/controllers/blogs_controller.rb:27:in `block in create'
Redirected to http://localhost:3000/blogs/5
Completed 302 Found in 6ms (ActiveRecord: 2.2ms | Allocations: 2262)


Started GET "/blogs/5" for ::1 at 2022-12-16 11:14:09 +0530
Processing by BlogsController#show as TURBO_STREAM
  Parameters: {"id"=>"5"}
  [1m[36mBlog Load (0.1ms)[0m  [1m[34mSELECT "blogs".* FROM "blogs" WHERE "blogs"."id" = $1 LIMIT $2[0m  [["id", 5], ["LIMIT", 1]]
  ↳ app/controllers/blogs_controller.rb:63:in `set_blog'
  Rendering layout layouts/application.html.erb
  Rendering blogs/show.html.erb within layouts/application
  Rendered blogs/_blog.html.erb (Duration: 0.1ms | Allocations: 19)
  Rendered blogs/show.html.erb within layouts/application (Duration: 1.5ms | Allocations: 587)
  Rendered layout layouts/application.html.erb (Duration: 3.2ms | Allocations: 2761)
Completed 200 OK in 5ms (Views: 3.6ms | ActiveRecord: 0.1ms | Allocations: 3521)


Started GET "/blogs" for ::1 at 2022-12-16 11:14:12 +0530
Processing by BlogsController#index as HTML
  Rendering layout layouts/application.html.erb
  Rendering blogs/index.html.erb within layouts/application
  [1m[36mBlog Load (0.2ms)[0m  [1m[34mSELECT "blogs".* FROM "blogs"[0m
  ↳ app/views/blogs/index.html.erb:6
  Rendered blogs/_blog.html.erb (Duration: 0.0ms | Allocations: 19)
  Rendered blogs/_blog.html.erb (Duration: 0.0ms | Allocations: 18)
  Rendered blogs/_blog.html.erb (Duration: 0.1ms | Allocations: 18)
  Rendered blogs/index.html.erb within layouts/application (Duration: 2.1ms | Allocations: 1164)
  Rendered layout layouts/application.html.erb (Duration: 5.8ms | Allocations: 3346)
Completed 200 OK in 7ms (Views: 5.9ms | ActiveRecord: 0.2ms | Allocations: 3616)


Started GET "/blogs" for ::1 at 2022-12-16 11:15:52 +0530
Processing by BlogsController#index as HTML
  Rendering layout layouts/application.html.erb
  Rendering blogs/index.html.erb within layouts/application
  [1m[36mBlog Load (0.2ms)[0m  [1m[34mSELECT "blogs".* FROM "blogs"[0m
  ↳ app/views/blogs/index.html.erb:6
  Rendered blogs/_blog.html.erb (Duration: 0.2ms | Allocations: 162)
  Rendered blogs/_blog.html.erb (Duration: 0.0ms | Allocations: 18)
  Rendered blogs/_blog.html.erb (Duration: 0.0ms | Allocations: 18)
  Rendered blogs/index.html.erb within layouts/application (Duration: 2.8ms | Allocations: 1848)
  Rendered layout layouts/application.html.erb (Duration: 4.5ms | Allocations: 4397)
Completed 200 OK in 6ms (Views: 5.2ms | ActiveRecord: 0.2ms | Allocations: 5217)


Started GET "/" for ::1 at 2022-12-16 11:18:32 +0530
Processing by Rails::WelcomeController#index as HTML
  Rendering /home/rahul/.rvm/gems/ruby-3.1.2/gems/railties-7.0.4/lib/rails/templates/rails/welcome/index.html.erb
  Rendered /home/rahul/.rvm/gems/ruby-3.1.2/gems/railties-7.0.4/lib/rails/templates/rails/welcome/index.html.erb (Duration: 0.6ms | Allocations: 279)
Completed 200 OK in 2ms (Views: 1.7ms | ActiveRecord: 0.0ms | Allocations: 876)


  [1m[36mActiveRecord::SchemaMigration Pluck (0.6ms)[0m  [1m[34mSELECT "schema_migrations"."version" FROM "schema_migrations" ORDER BY "schema_migrations"."version" ASC[0m
Started GET "/" for ::1 at 2022-12-16 16:02:20 +0530
  [1m[36mActiveRecord::SchemaMigration Pluck (0.4ms)[0m  [1m[34mSELECT "schema_migrations"."version" FROM "schema_migrations" ORDER BY "schema_migrations"."version" ASC[0m
Processing by Rails::WelcomeController#index as HTML
  Rendering /home/rahul/.rvm/gems/ruby-3.1.2/gems/railties-7.0.4/lib/rails/templates/rails/welcome/index.html.erb
  Rendered /home/rahul/.rvm/gems/ruby-3.1.2/gems/railties-7.0.4/lib/rails/templates/rails/welcome/index.html.erb (Duration: 0.7ms | Allocations: 478)
Completed 200 OK in 5ms (Views: 1.7ms | ActiveRecord: 0.0ms | Allocations: 3322)


Started GET "/blogs" for ::1 at 2022-12-16 16:02:29 +0530
Processing by BlogsController#index as HTML
  Rendering layout layouts/application.html.erb
  Rendering blogs/index.html.erb within layouts/application
  [1m[36mBlog Load (0.9ms)[0m  [1m[34mSELECT "blogs".* FROM "blogs"[0m
  ↳ app/views/blogs/index.html.erb:6
  Rendered blogs/_blog.html.erb (Duration: 0.6ms | Allocations: 223)
  Rendered blogs/_blog.html.erb (Duration: 0.1ms | Allocations: 18)
  Rendered blogs/_blog.html.erb (Duration: 0.0ms | Allocations: 18)
  Rendered blogs/index.html.erb within layouts/application (Duration: 60.8ms | Allocations: 6367)
  Rendered layout layouts/application.html.erb (Duration: 92.4ms | Allocations: 41337)
Completed 200 OK in 95ms (Views: 90.4ms | ActiveRecord: 3.5ms | Allocations: 43096)


Started GET "/blogs/4" for ::1 at 2022-12-16 16:02:37 +0530
Processing by BlogsController#show as HTML
  Parameters: {"id"=>"4"}
  [1m[36mBlog Load (0.3ms)[0m  [1m[34mSELECT "blogs".* FROM "blogs" WHERE "blogs"."id" = $1 LIMIT $2[0m  [["id", 4], ["LIMIT", 1]]
  ↳ app/controllers/blogs_controller.rb:63:in `set_blog'
  Rendering layout layouts/application.html.erb
  Rendering blogs/show.html.erb within layouts/application
  Rendered blogs/_blog.html.erb (Duration: 0.1ms | Allocations: 25)
  Rendered blogs/show.html.erb within layouts/application (Duration: 2.6ms | Allocations: 931)
  Rendered layout layouts/application.html.erb (Duration: 6.7ms | Allocations: 3213)
Completed 200 OK in 12ms (Views: 7.4ms | ActiveRecord: 0.5ms | Allocations: 6069)


Started GET "/blogs/4/edit" for ::1 at 2022-12-16 16:02:40 +0530
Processing by BlogsController#edit as HTML
  Parameters: {"id"=>"4"}
  [1m[36mBlog Load (0.2ms)[0m  [1m[34mSELECT "blogs".* FROM "blogs" WHERE "blogs"."id" = $1 LIMIT $2[0m  [["id", 4], ["LIMIT", 1]]
  ↳ app/controllers/blogs_controller.rb:63:in `set_blog'
  Rendering layout layouts/application.html.erb
  Rendering blogs/edit.html.erb within layouts/application
  Rendered blogs/_form.html.erb (Duration: 10.9ms | Allocations: 7598)
  Rendered blogs/edit.html.erb within layouts/application (Duration: 20.2ms | Allocations: 7949)
  Rendered layout layouts/application.html.erb (Duration: 22.0ms | Allocations: 10231)
Completed 200 OK in 24ms (Views: 22.6ms | ActiveRecord: 0.2ms | Allocations: 11094)


Started GET "/blogs" for ::1 at 2022-12-16 16:02:48 +0530
Processing by BlogsController#index as HTML
  Rendering layout layouts/application.html.erb
  Rendering blogs/index.html.erb within layouts/application
  [1m[36mBlog Load (0.2ms)[0m  [1m[34mSELECT "blogs".* FROM "blogs"[0m
  ↳ app/views/blogs/index.html.erb:6
  Rendered blogs/_blog.html.erb (Duration: 0.1ms | Allocations: 22)
  Rendered blogs/_blog.html.erb (Duration: 0.0ms | Allocations: 18)
  Rendered blogs/_blog.html.erb (Duration: 0.0ms | Allocations: 18)
  Rendered blogs/index.html.erb within layouts/application (Duration: 2.2ms | Allocations: 1248)
  Rendered layout layouts/application.html.erb (Duration: 3.9ms | Allocations: 3433)
Completed 200 OK in 5ms (Views: 4.1ms | ActiveRecord: 0.2ms | Allocations: 3755)


Started GET "/blogs/1" for ::1 at 2022-12-16 16:02:50 +0530
Processing by BlogsController#show as HTML
  Parameters: {"id"=>"1"}
  [1m[36mBlog Load (0.8ms)[0m  [1m[34mSELECT "blogs".* FROM "blogs" WHERE "blogs"."id" = $1 LIMIT $2[0m  [["id", 1], ["LIMIT", 1]]
  ↳ app/controllers/blogs_controller.rb:63:in `set_blog'
  Rendering layout layouts/application.html.erb
  Rendering blogs/show.html.erb within layouts/application
  Rendered blogs/_blog.html.erb (Duration: 0.1ms | Allocations: 19)
  Rendered blogs/show.html.erb within layouts/application (Duration: 0.7ms | Allocations: 562)
  Rendered layout layouts/application.html.erb (Duration: 3.1ms | Allocations: 2736)
Completed 200 OK in 6ms (Views: 3.5ms | ActiveRecord: 0.8ms | Allocations: 3521)


Started GET "/blogs/1/edit" for ::1 at 2022-12-16 16:02:54 +0530
Processing by BlogsController#edit as HTML
  Parameters: {"id"=>"1"}
  [1m[36mBlog Load (0.2ms)[0m  [1m[34mSELECT "blogs".* FROM "blogs" WHERE "blogs"."id" = $1 LIMIT $2[0m  [["id", 1], ["LIMIT", 1]]
  ↳ app/controllers/blogs_controller.rb:63:in `set_blog'
  Rendering layout layouts/application.html.erb
  Rendering blogs/edit.html.erb within layouts/application
  Rendered blogs/_form.html.erb (Duration: 1.3ms | Allocations: 1089)
  Rendered blogs/edit.html.erb within layouts/application (Duration: 1.7ms | Allocations: 1213)
  Rendered layout layouts/application.html.erb (Duration: 5.1ms | Allocations: 3387)
Completed 200 OK in 7ms (Views: 5.4ms | ActiveRecord: 0.2ms | Allocations: 4145)


Started GET "/blogs" for ::1 at 2022-12-16 16:02:56 +0530
Processing by BlogsController#index as HTML
  Rendering layout layouts/application.html.erb
  Rendering blogs/index.html.erb within layouts/application
  [1m[36mBlog Load (0.2ms)[0m  [1m[34mSELECT "blogs".* FROM "blogs"[0m
  ↳ app/views/blogs/index.html.erb:6
  Rendered blogs/_blog.html.erb (Duration: 0.1ms | Allocations: 19)
  Rendered blogs/_blog.html.erb (Duration: 0.1ms | Allocations: 18)
  Rendered blogs/_blog.html.erb (Duration: 0.1ms | Allocations: 18)
  Rendered blogs/index.html.erb within layouts/application (Duration: 3.1ms | Allocations: 1179)
  Rendered layout layouts/application.html.erb (Duration: 5.0ms | Allocations: 3361)
Completed 200 OK in 6ms (Views: 5.2ms | ActiveRecord: 0.2ms | Allocations: 3631)


Started GET "/blogs/5" for ::1 at 2022-12-16 16:02:59 +0530
Processing by BlogsController#show as HTML
  Parameters: {"id"=>"5"}
  [1m[36mBlog Load (0.4ms)[0m  [1m[34mSELECT "blogs".* FROM "blogs" WHERE "blogs"."id" = $1 LIMIT $2[0m  [["id", 5], ["LIMIT", 1]]
  ↳ app/controllers/blogs_controller.rb:63:in `set_blog'
  Rendering layout layouts/application.html.erb
  Rendering blogs/show.html.erb within layouts/application
  Rendered blogs/_blog.html.erb (Duration: 0.1ms | Allocations: 19)
  Rendered blogs/show.html.erb within layouts/application (Duration: 1.8ms | Allocations: 560)
  Rendered layout layouts/application.html.erb (Duration: 6.4ms | Allocations: 2734)
Completed 200 OK in 10ms (Views: 7.2ms | ActiveRecord: 0.4ms | Allocations: 3491)


Started GET "/blogs/5" for ::1 at 2022-12-16 16:15:41 +0530
Processing by BlogsController#show as HTML
  Parameters: {"id"=>"5"}
  [1m[36mBlog Load (0.1ms)[0m  [1m[34mSELECT "blogs".* FROM "blogs" WHERE "blogs"."id" = $1 LIMIT $2[0m  [["id", 5], ["LIMIT", 1]]
  ↳ app/controllers/blogs_controller.rb:63:in `set_blog'
  Rendering layout layouts/application.html.erb
  Rendering blogs/show.html.erb within layouts/application
  Rendered blogs/_blog.html.erb (Duration: 0.2ms | Allocations: 162)
  Rendered blogs/show.html.erb within layouts/application (Duration: 1.2ms | Allocations: 1140)
  Rendered layout layouts/application.html.erb (Duration: 3.0ms | Allocations: 3663)
Completed 200 OK in 11ms (Views: 3.7ms | ActiveRecord: 2.1ms | Allocations: 8029)


Started GET "/blogs/5" for ::1 at 2022-12-16 16:15:42 +0530
Processing by BlogsController#show as HTML
  Parameters: {"id"=>"5"}
  [1m[36mBlog Load (0.5ms)[0m  [1m[34mSELECT "blogs".* FROM "blogs" WHERE "blogs"."id" = $1 LIMIT $2[0m  [["id", 5], ["LIMIT", 1]]
  ↳ app/controllers/blogs_controller.rb:63:in `set_blog'
  Rendering layout layouts/application.html.erb
  Rendering blogs/show.html.erb within layouts/application
  Rendered blogs/_blog.html.erb (Duration: 0.1ms | Allocations: 19)
  Rendered blogs/show.html.erb within layouts/application (Duration: 2.0ms | Allocations: 566)
  Rendered layout layouts/application.html.erb (Duration: 4.5ms | Allocations: 2740)
Completed 200 OK in 8ms (Views: 5.1ms | ActiveRecord: 0.5ms | Allocations: 3581)


Started GET "/blogs/5" for ::1 at 2022-12-16 16:15:42 +0530
Processing by BlogsController#show as HTML
  Parameters: {"id"=>"5"}
  [1m[36mBlog Load (0.6ms)[0m  [1m[34mSELECT "blogs".* FROM "blogs" WHERE "blogs"."id" = $1 LIMIT $2[0m  [["id", 5], ["LIMIT", 1]]
  ↳ app/controllers/blogs_controller.rb:63:in `set_blog'
  Rendering layout layouts/application.html.erb
  Rendering blogs/show.html.erb within layouts/application
  Rendered blogs/_blog.html.erb (Duration: 0.1ms | Allocations: 19)
  Rendered blogs/show.html.erb within layouts/application (Duration: 1.7ms | Allocations: 575)
  Rendered layout layouts/application.html.erb (Duration: 5.5ms | Allocations: 2749)
Completed 200 OK in 9ms (Views: 6.2ms | ActiveRecord: 0.6ms | Allocations: 3504)


Started GET "/blogs/5" for ::1 at 2022-12-16 16:15:42 +0530
Processing by BlogsController#show as HTML
  Parameters: {"id"=>"5"}
  [1m[36mBlog Load (0.5ms)[0m  [1m[34mSELECT "blogs".* FROM "blogs" WHERE "blogs"."id" = $1 LIMIT $2[0m  [["id", 5], ["LIMIT", 1]]
  ↳ app/controllers/blogs_controller.rb:63:in `set_blog'
  Rendering layout layouts/application.html.erb
  Rendering blogs/show.html.erb within layouts/application
  Rendered blogs/_blog.html.erb (Duration: 0.1ms | Allocations: 19)
  Rendered blogs/show.html.erb within layouts/application (Duration: 1.7ms | Allocations: 569)
  Rendered layout layouts/application.html.erb (Duration: 5.6ms | Allocations: 2743)
Completed 200 OK in 9ms (Views: 6.2ms | ActiveRecord: 0.5ms | Allocations: 3498)


Started GET "/" for ::1 at 2022-12-16 16:15:50 +0530
Processing by Rails::WelcomeController#index as HTML
  Rendering /home/rahul/.rvm/gems/ruby-3.1.2/gems/railties-7.0.4/lib/rails/templates/rails/welcome/index.html.erb
  Rendered /home/rahul/.rvm/gems/ruby-3.1.2/gems/railties-7.0.4/lib/rails/templates/rails/welcome/index.html.erb (Duration: 0.6ms | Allocations: 279)
Completed 200 OK in 2ms (Views: 1.5ms | ActiveRecord: 0.0ms | Allocations: 844)


Started GET "/" for ::1 at 2022-12-16 16:16:02 +0530
Processing by Rails::WelcomeController#index as HTML
  Rendering /home/rahul/.rvm/gems/ruby-3.1.2/gems/railties-7.0.4/lib/rails/templates/rails/welcome/index.html.erb
  Rendered /home/rahul/.rvm/gems/ruby-3.1.2/gems/railties-7.0.4/lib/rails/templates/rails/welcome/index.html.erb (Duration: 0.3ms | Allocations: 15)
Completed 200 OK in 1ms (Views: 0.8ms | ActiveRecord: 0.0ms | Allocations: 246)


Started GET "/blogs" for ::1 at 2022-12-16 16:16:10 +0530
Processing by BlogsController#index as HTML
  Rendering layout layouts/application.html.erb
  Rendering blogs/index.html.erb within layouts/application
  [1m[36mBlog Load (0.2ms)[0m  [1m[34mSELECT "blogs".* FROM "blogs"[0m
  ↳ app/views/blogs/index.html.erb:13
  Rendered blogs/index.html.erb within layouts/application (Duration: 5.7ms | Allocations: 6576)
  Rendered layout layouts/application.html.erb (Duration: 5.9ms | Allocations: 6668)
Completed 500 Internal Server Error in 7ms (ActiveRecord: 0.2ms | Allocations: 7055)


  
ActionView::Template::Error (No route matches {:action=>"edit", :controller=>"blogs"}, missing required keys: [:id]
Did you mean?  edit_blog_url):
    15:       <td><%=blog.title %></td>
    16:       <td><%=blog.body %></td>
    17:       <td><%= link_to 'Show', blog %></td>
    18:       <td><%= link_to 'Edit', edit_blog_path %></td>
    19:       <td><%= link_to 'Destory', blog, method: :delete, data:{confirm: 'Are You Sure ?'} %></td>
    20:       <% end %>
    21:     </tr>
  
app/views/blogs/index.html.erb:18
app/views/blogs/index.html.erb:13
Started GET "/blog" for ::1 at 2022-12-16 16:16:43 +0530
  
ActionController::RoutingError (No route matches [GET] "/blog"):
  
Started GET "/blogs" for ::1 at 2022-12-16 16:16:48 +0530
Processing by BlogsController#index as HTML
  Rendering layout layouts/application.html.erb
  Rendering blogs/index.html.erb within layouts/application
  [1m[36mBlog Load (0.2ms)[0m  [1m[34mSELECT "blogs".* FROM "blogs"[0m
  ↳ app/views/blogs/index.html.erb:13
  Rendered blogs/index.html.erb within layouts/application (Duration: 2.3ms | Allocations: 2116)
  Rendered layout layouts/application.html.erb (Duration: 2.4ms | Allocations: 2195)
Completed 500 Internal Server Error in 3ms (ActiveRecord: 0.2ms | Allocations: 2475)


  
ActionView::Template::Error (No route matches {:action=>"edit", :controller=>"blogs"}, missing required keys: [:id]
Did you mean?  edit_blog_url):
    15:       <td><%=blog.title %></td>
    16:       <td><%=blog.body %></td>
    17:       <td><%= link_to 'Show', blog %></td>
    18:       <td><%= link_to 'Edit', edit_blog_path %></td>
    19:       <td><%= link_to 'Destory', blog, method: :delete, data:{confirm: 'Are You Sure ?'} %></td>
    20:       <% end %>
    21:     </tr>
  
app/views/blogs/index.html.erb:18
app/views/blogs/index.html.erb:13
Started GET "/blogs" for ::1 at 2022-12-16 16:17:43 +0530
Processing by BlogsController#index as HTML
  Rendering layout layouts/application.html.erb
  Rendering blogs/index.html.erb within layouts/application
  Rendered blogs/index.html.erb within layouts/application (Duration: 0.7ms | Allocations: 1271)
  Rendered layout layouts/application.html.erb (Duration: 0.8ms | Allocations: 1360)
Completed 500 Internal Server Error in 2ms (ActiveRecord: 0.0ms | Allocations: 2161)


  
ActionView::SyntaxErrorInTemplate (Encountered a syntax error while rendering template: check <p style="color: green"><%= notice %></p>

<h1>Blogs created</h1>
<table>
  <thead>
    <tr>
      <th>Title</th>
      <th>Body</th>
      <th colspan="3"></th>
    </tr>
  </thead>
  <tbody>
    <%@blogs.each do |blog| %>
    <tr>
      <td><%=blog.title %></td>
      <td><%=blog.body %></td>
      <td><%= link_to 'Show', blog %></td>
      <td><%= link_to 'Edit', edit_blog_path (blog) %></td>
      <td><%= link_to 'Destory', blog, method: :delete, data:{confirm: 'Are You Sure ?'} %></td>
      <% end %>
    </tr>
  </tbody>


</table>

<%= link_to "New blog", new_blog_path %>



):
1:    <p style="color: green"><%= notice %></p>
2:    
3:    <h1>Blogs created</h1>
4:    <table>
5:      <thead>
6:        <tr>
7:          <th>Title</th>
8:          <th>Body</th>
9:          <th colspan="3"></th>
10:        </tr>
11:      </thead>
12:      <tbody>
13:        <%@blogs.each do |blog| %>
14:        <tr>
15:          <td><%=blog.title %></td>
16:          <td><%=blog.body %></td>
17:          <td><%= link_to 'Show', blog %></td>
18:          <td><%= link_to 'Edit', edit_blog_path (blog) %></td>
19:          <td><%= link_to 'Destory', blog, method: :delete, data:{confirm: 'Are You Sure ?'} %></td>
20:          <% end %>
21:        </tr>
22:      </tbody>
23:    
24:    
25:    </table>
26:    
27:    <%= link_to "New blog", new_blog_path %>
  
app/views/blogs/index.html.erb:18: syntax error, unexpected ( arg, expecting `do' or '{' or '('
app/views/blogs/index.html.erb:18: syntax error, unexpected ( arg, expecting `do' or '{' or '('
app/views/blogs/index.html.erb:18: syntax error, unexpected ( arg, expecting `do' or '{' or '('
app/views/blogs/index.html.erb:18: syntax error, unexpected ( arg, expecting `do' or '{' or '('
app/views/blogs/index.html.erb:18: syntax error, unexpected ( arg, expecting `do' or '{' or '('
app/views/blogs/index.html.erb:18: syntax error, unexpected ( arg, expecting `do' or '{' or '('
Started GET "/blogs" for ::1 at 2022-12-16 16:17:44 +0530
Processing by BlogsController#index as HTML
  Rendering layout layouts/application.html.erb
  Rendering blogs/index.html.erb within layouts/application
  Rendered blogs/index.html.erb within layouts/application (Duration: 1.2ms | Allocations: 1215)
  Rendered layout layouts/application.html.erb (Duration: 1.5ms | Allocations: 1295)
Completed 500 Internal Server Error in 3ms (ActiveRecord: 0.0ms | Allocations: 1562)


  
ActionView::SyntaxErrorInTemplate (Encountered a syntax error while rendering template: check <p style="color: green"><%= notice %></p>

<h1>Blogs created</h1>
<table>
  <thead>
    <tr>
      <th>Title</th>
      <th>Body</th>
      <th colspan="3"></th>
    </tr>
  </thead>
  <tbody>
    <%@blogs.each do |blog| %>
    <tr>
      <td><%=blog.title %></td>
      <td><%=blog.body %></td>
      <td><%= link_to 'Show', blog %></td>
      <td><%= link_to 'Edit', edit_blog_path (blog) %></td>
      <td><%= link_to 'Destory', blog, method: :delete, data:{confirm: 'Are You Sure ?'} %></td>
      <% end %>
    </tr>
  </tbody>


</table>

<%= link_to "New blog", new_blog_path %>



):
1:    <p style="color: green"><%= notice %></p>
2:    
3:    <h1>Blogs created</h1>
4:    <table>
5:      <thead>
6:        <tr>
7:          <th>Title</th>
8:          <th>Body</th>
9:          <th colspan="3"></th>
10:        </tr>
11:      </thead>
12:      <tbody>
13:        <%@blogs.each do |blog| %>
14:        <tr>
15:          <td><%=blog.title %></td>
16:          <td><%=blog.body %></td>
17:          <td><%= link_to 'Show', blog %></td>
18:          <td><%= link_to 'Edit', edit_blog_path (blog) %></td>
19:          <td><%= link_to 'Destory', blog, method: :delete, data:{confirm: 'Are You Sure ?'} %></td>
20:          <% end %>
21:        </tr>
22:      </tbody>
23:    
24:    
25:    </table>
26:    
27:    <%= link_to "New blog", new_blog_path %>
  
app/views/blogs/index.html.erb:18: syntax error, unexpected ( arg, expecting `do' or '{' or '('
app/views/blogs/index.html.erb:18: syntax error, unexpected ( arg, expecting `do' or '{' or '('
app/views/blogs/index.html.erb:18: syntax error, unexpected ( arg, expecting `do' or '{' or '('
app/views/blogs/index.html.erb:18: syntax error, unexpected ( arg, expecting `do' or '{' or '('
app/views/blogs/index.html.erb:18: syntax error, unexpected ( arg, expecting `do' or '{' or '('
app/views/blogs/index.html.erb:18: syntax error, unexpected ( arg, expecting `do' or '{' or '('
Started GET "/" for ::1 at 2022-12-16 16:17:52 +0530
Processing by Rails::WelcomeController#index as HTML
  Rendering /home/rahul/.rvm/gems/ruby-3.1.2/gems/railties-7.0.4/lib/rails/templates/rails/welcome/index.html.erb
  Rendered /home/rahul/.rvm/gems/ruby-3.1.2/gems/railties-7.0.4/lib/rails/templates/rails/welcome/index.html.erb (Duration: 0.5ms | Allocations: 279)
Completed 200 OK in 2ms (Views: 1.4ms | ActiveRecord: 0.0ms | Allocations: 841)


Started GET "/blogs" for ::1 at 2022-12-16 16:17:56 +0530
Processing by BlogsController#index as HTML
  Rendering layout layouts/application.html.erb
  Rendering blogs/index.html.erb within layouts/application
  Rendered blogs/index.html.erb within layouts/application (Duration: 0.9ms | Allocations: 1222)
  Rendered layout layouts/application.html.erb (Duration: 1.1ms | Allocations: 1302)
Completed 500 Internal Server Error in 2ms (ActiveRecord: 0.0ms | Allocations: 1577)


  
ActionView::SyntaxErrorInTemplate (Encountered a syntax error while rendering template: check <p style="color: green"><%= notice %></p>

<h1>Blogs created</h1>
<table>
  <thead>
    <tr>
      <th>Title</th>
      <th>Body</th>
      <th colspan="3"></th>
    </tr>
  </thead>
  <tbody>
    <%@blogs.each do |blog| %>
    <tr>
      <td><%=blog.title %></td>
      <td><%=blog.body %></td>
      <td><%= link_to 'Show', blog %></td>
      <td><%= link_to 'Edit', edit_blog_path (blog) %></td>
      <td><%= link_to 'Destory', blog, method: :delete, data:{confirm: 'Are You Sure ?'} %></td>
      <% end %>
    </tr>
  </tbody>


</table>

<%= link_to "New blog", new_blog_path %>



):
1:    <p style="color: green"><%= notice %></p>
2:    
3:    <h1>Blogs created</h1>
4:    <table>
5:      <thead>
6:        <tr>
7:          <th>Title</th>
8:          <th>Body</th>
9:          <th colspan="3"></th>
10:        </tr>
11:      </thead>
12:      <tbody>
13:        <%@blogs.each do |blog| %>
14:        <tr>
15:          <td><%=blog.title %></td>
16:          <td><%=blog.body %></td>
17:          <td><%= link_to 'Show', blog %></td>
18:          <td><%= link_to 'Edit', edit_blog_path (blog) %></td>
19:          <td><%= link_to 'Destory', blog, method: :delete, data:{confirm: 'Are You Sure ?'} %></td>
20:          <% end %>
21:        </tr>
22:      </tbody>
23:    
24:    
25:    </table>
26:    
27:    <%= link_to "New blog", new_blog_path %>
  
app/views/blogs/index.html.erb:18: syntax error, unexpected ( arg, expecting `do' or '{' or '('
app/views/blogs/index.html.erb:18: syntax error, unexpected ( arg, expecting `do' or '{' or '('
app/views/blogs/index.html.erb:18: syntax error, unexpected ( arg, expecting `do' or '{' or '('
app/views/blogs/index.html.erb:18: syntax error, unexpected ( arg, expecting `do' or '{' or '('
app/views/blogs/index.html.erb:18: syntax error, unexpected ( arg, expecting `do' or '{' or '('
app/views/blogs/index.html.erb:18: syntax error, unexpected ( arg, expecting `do' or '{' or '('
Started GET "/blogs" for ::1 at 2022-12-16 16:21:07 +0530
Processing by BlogsController#index as HTML
  Rendering layout layouts/application.html.erb
  Rendering blogs/index.html.erb within layouts/application
  [1m[36mBlog Load (0.2ms)[0m  [1m[34mSELECT "blogs".* FROM "blogs"[0m
  ↳ app/views/blogs/index.html.erb:6
  Rendered blogs/_blog.html.erb (Duration: 0.3ms | Allocations: 162)
  Rendered blogs/_blog.html.erb (Duration: 0.0ms | Allocations: 18)
  Rendered blogs/_blog.html.erb (Duration: 0.0ms | Allocations: 18)
  Rendered blogs/index.html.erb within layouts/application (Duration: 2.9ms | Allocations: 1859)
  Rendered layout layouts/application.html.erb (Duration: 5.8ms | Allocations: 4423)
Completed 200 OK in 7ms (Views: 6.4ms | ActiveRecord: 0.2ms | Allocations: 5239)


Started GET "/" for ::1 at 2022-12-18 22:24:08 +0530
  [1m[36mActiveRecord::SchemaMigration Pluck (0.7ms)[0m  [1m[34mSELECT "schema_migrations"."version" FROM "schema_migrations" ORDER BY "schema_migrations"."version" ASC[0m
Processing by Rails::WelcomeController#index as HTML
  Rendering /home/rahul/.rvm/gems/ruby-3.1.2/gems/railties-7.0.4/lib/rails/templates/rails/welcome/index.html.erb
  Rendered /home/rahul/.rvm/gems/ruby-3.1.2/gems/railties-7.0.4/lib/rails/templates/rails/welcome/index.html.erb (Duration: 0.8ms | Allocations: 478)
Completed 200 OK in 7ms (Views: 2.6ms | ActiveRecord: 0.0ms | Allocations: 3322)


Started GET "/blogs" for ::1 at 2022-12-18 22:24:18 +0530
Processing by BlogsController#index as HTML
  Rendering layout layouts/application.html.erb
  Rendering blogs/index.html.erb within layouts/application
  [1m[36mBlog Load (0.7ms)[0m  [1m[34mSELECT "blogs".* FROM "blogs"[0m
  ↳ app/views/blogs/index.html.erb:6
  Rendered blogs/_blog.html.erb (Duration: 0.4ms | Allocations: 226)
  Rendered blogs/_blog.html.erb (Duration: 0.0ms | Allocations: 18)
  Rendered blogs/_blog.html.erb (Duration: 0.0ms | Allocations: 18)
  Rendered blogs/index.html.erb within layouts/application (Duration: 64.6ms | Allocations: 6368)
  Rendered layout layouts/application.html.erb (Duration: 99.3ms | Allocations: 41251)
Completed 200 OK in 101ms (Views: 96.0ms | ActiveRecord: 4.0ms | Allocations: 43010)


Started GET "/blogs/new" for ::1 at 2022-12-18 22:24:22 +0530
Processing by BlogsController#new as HTML
  Rendering layout layouts/application.html.erb
  Rendering blogs/new.html.erb within layouts/application
  Rendered blogs/_form.html.erb (Duration: 5.8ms | Allocations: 3110)
  Rendered blogs/new.html.erb within layouts/application (Duration: 6.7ms | Allocations: 3403)
  Rendered layout layouts/application.html.erb (Duration: 8.2ms | Allocations: 5696)
Completed 200 OK in 9ms (Views: 8.6ms | ActiveRecord: 0.0ms | Allocations: 6121)


Started GET "/blogs/4" for ::1 at 2022-12-18 22:24:27 +0530
Processing by BlogsController#show as HTML
  Parameters: {"id"=>"4"}
  [1m[36mBlog Load (0.2ms)[0m  [1m[34mSELECT "blogs".* FROM "blogs" WHERE "blogs"."id" = $1 LIMIT $2[0m  [["id", 4], ["LIMIT", 1]]
  ↳ app/controllers/blogs_controller.rb:63:in `set_blog'
  Rendering layout layouts/application.html.erb
  Rendering blogs/show.html.erb within layouts/application
  Rendered blogs/_blog.html.erb (Duration: 0.1ms | Allocations: 25)
  Rendered blogs/show.html.erb within layouts/application (Duration: 1.3ms | Allocations: 909)
  Rendered layout layouts/application.html.erb (Duration: 3.6ms | Allocations: 3189)
Completed 200 OK in 7ms (Views: 3.9ms | ActiveRecord: 0.3ms | Allocations: 6019)


Started GET "/blogs" for ::1 at 2022-12-18 22:24:31 +0530
Processing by BlogsController#index as HTML
  Rendering layout layouts/application.html.erb
  Rendering blogs/index.html.erb within layouts/application
  [1m[36mBlog Load (0.4ms)[0m  [1m[34mSELECT "blogs".* FROM "blogs"[0m
  ↳ app/views/blogs/index.html.erb:6
  Rendered blogs/_blog.html.erb (Duration: 0.1ms | Allocations: 19)
  Rendered blogs/_blog.html.erb (Duration: 0.0ms | Allocations: 18)
  Rendered blogs/_blog.html.erb (Duration: 0.0ms | Allocations: 18)
  Rendered blogs/index.html.erb within layouts/application (Duration: 3.2ms | Allocations: 1174)
  Rendered layout layouts/application.html.erb (Duration: 6.2ms | Allocations: 3358)
Completed 200 OK in 7ms (Views: 6.3ms | ActiveRecord: 0.4ms | Allocations: 3643)


Started GET "/blogs/1" for ::1 at 2022-12-18 22:24:32 +0530
Processing by BlogsController#show as HTML
  Parameters: {"id"=>"1"}
  [1m[36mBlog Load (0.2ms)[0m  [1m[34mSELECT "blogs".* FROM "blogs" WHERE "blogs"."id" = $1 LIMIT $2[0m  [["id", 1], ["LIMIT", 1]]
  ↳ app/controllers/blogs_controller.rb:63:in `set_blog'
  Rendering layout layouts/application.html.erb
  Rendering blogs/show.html.erb within layouts/application
  Rendered blogs/_blog.html.erb (Duration: 0.0ms | Allocations: 19)
  Rendered blogs/show.html.erb within layouts/application (Duration: 0.7ms | Allocations: 551)
  Rendered layout layouts/application.html.erb (Duration: 2.1ms | Allocations: 2726)
Completed 200 OK in 3ms (Views: 2.4ms | ActiveRecord: 0.2ms | Allocations: 3502)


Started GET "/blogs/1/edit" for ::1 at 2022-12-18 22:24:35 +0530
Processing by BlogsController#edit as HTML
  Parameters: {"id"=>"1"}
  [1m[36mBlog Load (0.1ms)[0m  [1m[34mSELECT "blogs".* FROM "blogs" WHERE "blogs"."id" = $1 LIMIT $2[0m  [["id", 1], ["LIMIT", 1]]
  ↳ app/controllers/blogs_controller.rb:63:in `set_blog'
  Rendering layout layouts/application.html.erb
  Rendering blogs/edit.html.erb within layouts/application
  Rendered blogs/_form.html.erb (Duration: 2.3ms | Allocations: 1165)
  Rendered blogs/edit.html.erb within layouts/application (Duration: 3.1ms | Allocations: 1424)
  Rendered layout layouts/application.html.erb (Duration: 5.3ms | Allocations: 3599)
Completed 200 OK in 7ms (Views: 5.7ms | ActiveRecord: 0.1ms | Allocations: 4427)


Started DELETE "/blogs/1" for ::1 at 2022-12-18 22:24:41 +0530
Processing by BlogsController#destroy as TURBO_STREAM
  Parameters: {"authenticity_token"=>"[FILTERED]", "id"=>"1"}
  [1m[36mBlog Load (0.2ms)[0m  [1m[34mSELECT "blogs".* FROM "blogs" WHERE "blogs"."id" = $1 LIMIT $2[0m  [["id", 1], ["LIMIT", 1]]
  ↳ app/controllers/blogs_controller.rb:63:in `set_blog'
  [1m[36mTRANSACTION (0.1ms)[0m  [1m[35mBEGIN[0m
  ↳ app/controllers/blogs_controller.rb:52:in `destroy'
  [1m[36mBlog Destroy (0.2ms)[0m  [1m[31mDELETE FROM "blogs" WHERE "blogs"."id" = $1[0m  [["id", 1]]
  ↳ app/controllers/blogs_controller.rb:52:in `destroy'
  [1m[36mTRANSACTION (0.6ms)[0m  [1m[35mCOMMIT[0m
  ↳ app/controllers/blogs_controller.rb:52:in `destroy'
Redirected to http://localhost:3000/blogs
Completed 302 Found in 5ms (ActiveRecord: 1.1ms | Allocations: 2930)


Started GET "/blogs" for ::1 at 2022-12-18 22:24:41 +0530
Processing by BlogsController#index as TURBO_STREAM
  Rendering layout layouts/application.html.erb
  Rendering blogs/index.html.erb within layouts/application
  [1m[36mBlog Load (0.2ms)[0m  [1m[34mSELECT "blogs".* FROM "blogs"[0m
  ↳ app/views/blogs/index.html.erb:6
  Rendered blogs/_blog.html.erb (Duration: 0.0ms | Allocations: 24)
  Rendered blogs/_blog.html.erb (Duration: 0.0ms | Allocations: 18)
  Rendered blogs/index.html.erb within layouts/application (Duration: 1.8ms | Allocations: 1151)
  Rendered layout layouts/application.html.erb (Duration: 3.4ms | Allocations: 3437)
Completed 200 OK in 4ms (Views: 3.5ms | ActiveRecord: 0.2ms | Allocations: 3794)


Started GET "/" for ::1 at 2023-01-09 14:45:59 +0530
  [1m[36mActiveRecord::SchemaMigration Pluck (0.7ms)[0m  [1m[34mSELECT "schema_migrations"."version" FROM "schema_migrations" ORDER BY "schema_migrations"."version" ASC[0m
Processing by Rails::WelcomeController#index as HTML
  Rendering /home/rahul/.rvm/gems/ruby-3.1.2/gems/railties-7.0.4/lib/rails/templates/rails/welcome/index.html.erb
  Rendered /home/rahul/.rvm/gems/ruby-3.1.2/gems/railties-7.0.4/lib/rails/templates/rails/welcome/index.html.erb (Duration: 0.7ms | Allocations: 478)
Completed 200 OK in 5ms (Views: 1.9ms | ActiveRecord: 0.0ms | Allocations: 3337)


Started GET "/Pages/home" for ::1 at 2023-01-09 14:46:27 +0530
  
ActionController::RoutingError (No route matches [GET] "/Pages/home"):
  
Started GET "/Pages/home/about/contact" for ::1 at 2023-01-09 14:47:40 +0530
  
ActionController::RoutingError (No route matches [GET] "/Pages/home/about/contact"):
  
Started GET "/Pages/home/about/contact" for ::1 at 2023-01-09 14:48:18 +0530
  
ActionController::RoutingError (No route matches [GET] "/Pages/home/about/contact"):
  
Started GET "/" for ::1 at 2023-01-09 14:48:22 +0530
Processing by Rails::WelcomeController#index as HTML
  Rendering /home/rahul/.rvm/gems/ruby-3.1.2/gems/railties-7.0.4/lib/rails/templates/rails/welcome/index.html.erb
  Rendered /home/rahul/.rvm/gems/ruby-3.1.2/gems/railties-7.0.4/lib/rails/templates/rails/welcome/index.html.erb (Duration: 0.4ms | Allocations: 280)
Completed 200 OK in 1ms (Views: 1.0ms | ActiveRecord: 0.0ms | Allocations: 886)


Started GET "/" for ::1 at 2023-01-09 14:49:48 +0530
  [1m[36mActiveRecord::SchemaMigration Pluck (0.3ms)[0m  [1m[34mSELECT "schema_migrations"."version" FROM "schema_migrations" ORDER BY "schema_migrations"."version" ASC[0m
Processing by Rails::WelcomeController#index as HTML
  Rendering /home/rahul/.rvm/gems/ruby-3.1.2/gems/railties-7.0.4/lib/rails/templates/rails/welcome/index.html.erb
  Rendered /home/rahul/.rvm/gems/ruby-3.1.2/gems/railties-7.0.4/lib/rails/templates/rails/welcome/index.html.erb (Duration: 0.5ms | Allocations: 478)
Completed 200 OK in 3ms (Views: 1.4ms | ActiveRecord: 0.0ms | Allocations: 3337)


Started GET "/Pages" for ::1 at 2023-01-09 14:49:54 +0530
  
ActionController::RoutingError (No route matches [GET] "/Pages"):
  
Started GET "/Pages/home" for ::1 at 2023-01-09 14:50:00 +0530
  
ActionController::RoutingError (No route matches [GET] "/Pages/home"):
  
Started GET "/Pages/home/about/contact" for ::1 at 2023-01-09 14:50:11 +0530
  
ActionController::RoutingError (No route matches [GET] "/Pages/home/about/contact"):
  
Started GET "/" for ::1 at 2023-01-09 14:50:20 +0530
Processing by Rails::WelcomeController#index as HTML
  Rendering /home/rahul/.rvm/gems/ruby-3.1.2/gems/railties-7.0.4/lib/rails/templates/rails/welcome/index.html.erb
  Rendered /home/rahul/.rvm/gems/ruby-3.1.2/gems/railties-7.0.4/lib/rails/templates/rails/welcome/index.html.erb (Duration: 0.4ms | Allocations: 281)
Completed 200 OK in 2ms (Views: 1.2ms | ActiveRecord: 0.0ms | Allocations: 895)


Started GET "/Pages/about" for ::1 at 2023-01-09 14:50:32 +0530
  
ActionController::RoutingError (No route matches [GET] "/Pages/about"):
  
Started GET "/" for ::1 at 2023-01-09 14:53:20 +0530
  [1m[36mActiveRecord::SchemaMigration Pluck (0.3ms)[0m  [1m[34mSELECT "schema_migrations"."version" FROM "schema_migrations" ORDER BY "schema_migrations"."version" ASC[0m
Processing by Rails::WelcomeController#index as HTML
  Rendering /home/rahul/.rvm/gems/ruby-3.1.2/gems/railties-7.0.4/lib/rails/templates/rails/welcome/index.html.erb
  Rendered /home/rahul/.rvm/gems/ruby-3.1.2/gems/railties-7.0.4/lib/rails/templates/rails/welcome/index.html.erb (Duration: 0.6ms | Allocations: 478)
Completed 200 OK in 3ms (Views: 1.4ms | ActiveRecord: 0.0ms | Allocations: 3337)


Started GET "/Pages/home" for ::1 at 2023-01-09 14:53:30 +0530
  
ActionController::RoutingError (No route matches [GET] "/Pages/home"):
  
Started GET "/" for ::1 at 2023-01-09 15:04:10 +0530
  [1m[36mActiveRecord::SchemaMigration Pluck (0.3ms)[0m  [1m[34mSELECT "schema_migrations"."version" FROM "schema_migrations" ORDER BY "schema_migrations"."version" ASC[0m
Processing by Rails::WelcomeController#index as HTML
  Rendering /home/rahul/.rvm/gems/ruby-3.1.2/gems/railties-7.0.4/lib/rails/templates/rails/welcome/index.html.erb
  Rendered /home/rahul/.rvm/gems/ruby-3.1.2/gems/railties-7.0.4/lib/rails/templates/rails/welcome/index.html.erb (Duration: 0.6ms | Allocations: 478)
Completed 200 OK in 4ms (Views: 1.6ms | ActiveRecord: 0.0ms | Allocations: 3337)


Started GET "/Pages/home" for ::1 at 2023-01-09 15:04:24 +0530
  
ActionController::RoutingError (No route matches [GET] "/Pages/home"):
  
Started GET "/Pages/home" for ::1 at 2023-01-09 15:06:05 +0530
  
ActionController::RoutingError (No route matches [GET] "/Pages/home"):
  
Started GET "/Pages/home" for ::1 at 2023-01-09 15:25:05 +0530
  
ActionController::RoutingError (No route matches [GET] "/Pages/home"):
  
Started GET "/" for ::1 at 2023-01-09 15:25:17 +0530
Processing by Rails::WelcomeController#index as HTML
  Rendering /home/rahul/.rvm/gems/ruby-3.1.2/gems/railties-7.0.4/lib/rails/templates/rails/welcome/index.html.erb
  Rendered /home/rahul/.rvm/gems/ruby-3.1.2/gems/railties-7.0.4/lib/rails/templates/rails/welcome/index.html.erb (Duration: 0.5ms | Allocations: 280)
Completed 200 OK in 2ms (Views: 1.4ms | Allocations: 876)


Started GET "/blogs" for ::1 at 2023-01-09 15:25:27 +0530
  
SyntaxError (/home/rahul/project/devcamp_portfolio/app/controllers/application_controller.rb:5: syntax error, unexpected end-of-input, expecting `end'
class B ActionController
                        ^
):
  
app/controllers/application_controller.rb:5: syntax error, unexpected end-of-input, expecting `end'
app/controllers/application_controller.rb:5: syntax error, unexpected end-of-input, expecting `end'
app/controllers/application_controller.rb:5: syntax error, unexpected end-of-input, expecting `end'
app/controllers/blogs_controller.rb:1:in `<main>'
Started GET "/blogs" for ::1 at 2023-01-09 15:25:57 +0530
Processing by BlogsController#index as HTML
  Rendering layout layouts/application.html.erb
  Rendering blogs/index.html.erb within layouts/application
  [1m[36mBlog Load (0.5ms)[0m  [1m[34mSELECT "blogs".* FROM "blogs"[0m
  ↳ app/views/blogs/index.html.erb:6
  Rendered blogs/_blog.html.erb (Duration: 0.3ms | Allocations: 221)
  Rendered blogs/_blog.html.erb (Duration: 0.0ms | Allocations: 18)
  Rendered blogs/index.html.erb within layouts/application (Duration: 13.2ms | Allocations: 9027)
  Rendered layout layouts/application.html.erb (Duration: 52.9ms | Allocations: 49648)
Completed 200 OK in 55ms (Views: 53.5ms | ActiveRecord: 4.7ms | Allocations: 51357)


Started GET "/Pages/home" for ::1 at 2023-01-09 15:26:14 +0530
  
ActionController::RoutingError (No route matches [GET] "/Pages/home"):
  
Started GET "/Pages/" for ::1 at 2023-01-09 16:04:25 +0530
  
ActionController::RoutingError (No route matches [GET] "/Pages"):
  
Started GET "/" for ::1 at 2023-01-09 16:04:35 +0530
Processing by Rails::WelcomeController#index as HTML
  Rendering /home/rahul/.rvm/gems/ruby-3.1.2/gems/railties-7.0.4/lib/rails/templates/rails/welcome/index.html.erb
  Rendered /home/rahul/.rvm/gems/ruby-3.1.2/gems/railties-7.0.4/lib/rails/templates/rails/welcome/index.html.erb (Duration: 0.2ms | Allocations: 19)
Completed 200 OK in 2ms (Views: 1.0ms | Allocations: 252)


Started GET "/Pages/home" for ::1 at 2023-01-09 16:04:49 +0530
  
ActionController::RoutingError (No route matches [GET] "/Pages/home"):
  
Started GET "/" for ::1 at 2023-01-09 16:06:36 +0530
Processing by Rails::WelcomeController#index as HTML
  Rendering /home/rahul/.rvm/gems/ruby-3.1.2/gems/railties-7.0.4/lib/rails/templates/rails/welcome/index.html.erb
  Rendered /home/rahul/.rvm/gems/ruby-3.1.2/gems/railties-7.0.4/lib/rails/templates/rails/welcome/index.html.erb (Duration: 0.0ms | Allocations: 15)
Completed 200 OK in 1ms (Views: 0.4ms | Allocations: 219)


Started GET "/pages/home" for ::1 at 2023-01-09 16:06:48 +0530
Processing by PagesController#home as HTML
  Rendering layout layouts/application.html.erb
  Rendering pages/home.html.erb within layouts/application
  Rendered pages/home.html.erb within layouts/application (Duration: 0.3ms | Allocations: 108)
  Rendered layout layouts/application.html.erb (Duration: 4.0ms | Allocations: 2751)
Completed 200 OK in 6ms (Views: 5.1ms | Allocations: 3525)


Started GET "/pages/home" for ::1 at 2023-01-09 16:15:23 +0530
Processing by PagesController#home as HTML
  Rendering layout layouts/application.html.erb
  Rendering pages/home.html.erb within layouts/application
  Rendered pages/home.html.erb within layouts/application (Duration: 0.2ms | Allocations: 109)
  Rendered layout layouts/application.html.erb (Duration: 2.1ms | Allocations: 2897)
Completed 200 OK in 3ms (Views: 2.8ms | Allocations: 3724)


Started GET "/pages/home" for ::1 at 2023-01-09 16:16:00 +0530
Processing by PagesController#home as HTML
  Rendering layout layouts/application.html.erb
  Rendering pages/home.html.erb within layouts/application
  Rendered pages/home.html.erb within layouts/application (Duration: 0.5ms | Allocations: 109)
  Rendered layout layouts/application.html.erb (Duration: 6.4ms | Allocations: 2913)
Completed 200 OK in 10ms (Views: 8.5ms | Allocations: 3719)


Started GET "/pages/home" for ::1 at 2023-01-09 18:14:50 +0530
Processing by PagesController#home as HTML
  Rendering layout layouts/application.html.erb
  Rendering pages/home.html.erb within layouts/application
  [1m[36mBlog Load (0.1ms)[0m  [1m[34mSELECT "blogs".* FROM "blogs" /* loading for inspect */ LIMIT $1[0m  [["LIMIT", 11]]
  ↳ app/views/pages/home.html.erb:4
  Rendered pages/home.html.erb within layouts/application (Duration: 9.9ms | Allocations: 6198)
  Rendered layout layouts/application.html.erb (Duration: 16.2ms | Allocations: 20360)
Completed 200 OK in 18ms (Views: 16.9ms | ActiveRecord: 3.0ms | Allocations: 21926)


